2021-05-22 14:16:38.621 [main] ERROR SpringApplication - Application run failed
java.lang.ExceptionInInitializerError: null
	at com.xl.rpc.server.node.NodeBuilder.buildNode(NodeBuilder.java:13)
	at com.xl.rpc.starter.server.starter.RpcServiceStarter.start(RpcServiceStarter.java:66)
	at com.xl.rpc.starter.server.listener.ServiceListener.init(ServiceListener.java:123)
	at com.xl.rpc.starter.server.listener.ServiceListener.scanRpcService(ServiceListener.java:111)
	at com.xl.rpc.starter.server.listener.ServiceListener.onApplicationEvent(ServiceListener.java:47)
	at com.xl.rpc.starter.server.listener.ServiceListener.onApplicationEvent(ServiceListener.java:30)
	at org.springframework.context.event.SimpleApplicationEventMulticaster.doInvokeListener(SimpleApplicationEventMulticaster.java:172)
	at org.springframework.context.event.SimpleApplicationEventMulticaster.invokeListener(SimpleApplicationEventMulticaster.java:165)
	at org.springframework.context.event.SimpleApplicationEventMulticaster.multicastEvent(SimpleApplicationEventMulticaster.java:139)
	at org.springframework.context.support.AbstractApplicationContext.publishEvent(AbstractApplicationContext.java:402)
	at org.springframework.context.support.AbstractApplicationContext.publishEvent(AbstractApplicationContext.java:359)
	at org.springframework.context.support.AbstractApplicationContext.finishRefresh(AbstractApplicationContext.java:896)
	at org.springframework.boot.web.servlet.context.ServletWebServerApplicationContext.finishRefresh(ServletWebServerApplicationContext.java:163)
	at org.springframework.context.support.AbstractApplicationContext.refresh(AbstractApplicationContext.java:552)
	at org.springframework.boot.web.servlet.context.ServletWebServerApplicationContext.refresh(ServletWebServerApplicationContext.java:142)
	at org.springframework.boot.SpringApplication.refresh(SpringApplication.java:775)
	at org.springframework.boot.SpringApplication.refreshContext(SpringApplication.java:397)
	at org.springframework.boot.SpringApplication.run(SpringApplication.java:316)
	at org.springframework.boot.SpringApplication.run(SpringApplication.java:1260)
	at org.springframework.boot.SpringApplication.run(SpringApplication.java:1248)
	at com.qrpc.server.ServerRPCApplication.main(ServerRPCApplication.java:12)
Caused by: java.lang.NullPointerException: null
	at java.util.Properties$LineReader.readLine(Properties.java:434)
	at java.util.Properties.load0(Properties.java:353)
	at java.util.Properties.load(Properties.java:341)
	at com.xl.rpc.config.ServerConfig.<clinit>(ServerConfig.java:48)
	... 21 common frames omitted
