2021-05-22 14:16:37.123 [main] INFO  ServerRPCApplication - Starting ServerRPCApplication on bogon with PID 25943 (/Users/xuliang/Documents/xl-rpc/xl-rpc/test-qsrpc/qrpc-server/target/classes started by xuliang in /Users/xuliang/Documents/xl-rpc/xl-rpc)
2021-05-22 14:16:37.126 [main] INFO  ServerRPCApplication - No active profile set, falling back to default profiles: default
2021-05-22 14:16:38.074 [main] INFO  TomcatWebServer - Tomcat initialized with port(s): 11990 (http)
2021-05-22 14:16:38.088 [main] INFO  Http11NioProtocol - Initializing ProtocolHandler ["http-nio-11990"]
2021-05-22 14:16:38.097 [main] INFO  StandardService - Starting service [Tomcat]
2021-05-22 14:16:38.097 [main] INFO  StandardEngine - Starting Servlet engine: [Apache Tomcat/9.0.16]
2021-05-22 14:16:38.103 [main] INFO  AprLifecycleListener - The APR based Apache Tomcat Native library which allows optimal performance in production environments was not found on the java.library.path: [/Users/xuliang/Library/Java/Extensions:/Library/Java/Extensions:/Network/Library/Java/Extensions:/System/Library/Java/Extensions:/usr/lib/java:.]
2021-05-22 14:16:38.188 [main] INFO  [/] - Initializing Spring embedded WebApplicationContext
2021-05-22 14:16:38.188 [main] INFO  ContextLoader - Root WebApplicationContext: initialization completed in 1011 ms
2021-05-22 14:16:38.387 [main] INFO  ThreadPoolTaskExecutor - Initializing ExecutorService 'applicationTaskExecutor'
2021-05-22 14:16:38.614 [main] INFO  ConditionEvaluationReportLoggingListener - 

Error starting ApplicationContext. To display the conditions report re-run your application with 'debug' enabled.
2021-05-22 14:16:38.621 [main] ERROR SpringApplication - Application run failed
java.lang.ExceptionInInitializerError: null
	at com.xl.rpc.server.node.NodeBuilder.buildNode(NodeBuilder.java:13)
	at com.xl.rpc.starter.server.starter.RpcServiceStarter.start(RpcServiceStarter.java:66)
	at com.xl.rpc.starter.server.listener.ServiceListener.init(ServiceListener.java:123)
	at com.xl.rpc.starter.server.listener.ServiceListener.scanRpcService(ServiceListener.java:111)
	at com.xl.rpc.starter.server.listener.ServiceListener.onApplicationEvent(ServiceListener.java:47)
	at com.xl.rpc.starter.server.listener.ServiceListener.onApplicationEvent(ServiceListener.java:30)
	at org.springframework.context.event.SimpleApplicationEventMulticaster.doInvokeListener(SimpleApplicationEventMulticaster.java:172)
	at org.springframework.context.event.SimpleApplicationEventMulticaster.invokeListener(SimpleApplicationEventMulticaster.java:165)
	at org.springframework.context.event.SimpleApplicationEventMulticaster.multicastEvent(SimpleApplicationEventMulticaster.java:139)
	at org.springframework.context.support.AbstractApplicationContext.publishEvent(AbstractApplicationContext.java:402)
	at org.springframework.context.support.AbstractApplicationContext.publishEvent(AbstractApplicationContext.java:359)
	at org.springframework.context.support.AbstractApplicationContext.finishRefresh(AbstractApplicationContext.java:896)
	at org.springframework.boot.web.servlet.context.ServletWebServerApplicationContext.finishRefresh(ServletWebServerApplicationContext.java:163)
	at org.springframework.context.support.AbstractApplicationContext.refresh(AbstractApplicationContext.java:552)
	at org.springframework.boot.web.servlet.context.ServletWebServerApplicationContext.refresh(ServletWebServerApplicationContext.java:142)
	at org.springframework.boot.SpringApplication.refresh(SpringApplication.java:775)
	at org.springframework.boot.SpringApplication.refreshContext(SpringApplication.java:397)
	at org.springframework.boot.SpringApplication.run(SpringApplication.java:316)
	at org.springframework.boot.SpringApplication.run(SpringApplication.java:1260)
	at org.springframework.boot.SpringApplication.run(SpringApplication.java:1248)
	at com.qrpc.server.ServerRPCApplication.main(ServerRPCApplication.java:12)
Caused by: java.lang.NullPointerException: null
	at java.util.Properties$LineReader.readLine(Properties.java:434)
	at java.util.Properties.load0(Properties.java:353)
	at java.util.Properties.load(Properties.java:341)
	at com.xl.rpc.config.ServerConfig.<clinit>(ServerConfig.java:48)
	... 21 common frames omitted
2021-05-22 14:16:38.625 [main] INFO  ThreadPoolTaskExecutor - Shutting down ExecutorService 'applicationTaskExecutor'
2021-05-22 14:27:54.334 [main] INFO  ServerRPCApplication - Starting ServerRPCApplication on bogon with PID 26036 (/Users/xuliang/Documents/xl-rpc/xl-rpc/test-qsrpc/qrpc-server/target/classes started by xuliang in /Users/xuliang/Documents/xl-rpc/xl-rpc)
2021-05-22 14:27:54.337 [main] INFO  ServerRPCApplication - No active profile set, falling back to default profiles: default
2021-05-22 14:27:55.405 [main] INFO  TomcatWebServer - Tomcat initialized with port(s): 11990 (http)
2021-05-22 14:27:55.420 [main] INFO  Http11NioProtocol - Initializing ProtocolHandler ["http-nio-11990"]
2021-05-22 14:27:55.427 [main] INFO  StandardService - Starting service [Tomcat]
2021-05-22 14:27:55.427 [main] INFO  StandardEngine - Starting Servlet engine: [Apache Tomcat/9.0.16]
2021-05-22 14:27:55.434 [main] INFO  AprLifecycleListener - The APR based Apache Tomcat Native library which allows optimal performance in production environments was not found on the java.library.path: [/Users/xuliang/Library/Java/Extensions:/Library/Java/Extensions:/Network/Library/Java/Extensions:/System/Library/Java/Extensions:/usr/lib/java:.]
2021-05-22 14:27:55.530 [main] INFO  [/] - Initializing Spring embedded WebApplicationContext
2021-05-22 14:27:55.530 [main] INFO  ContextLoader - Root WebApplicationContext: initialization completed in 1149 ms
2021-05-22 14:27:55.744 [main] INFO  ThreadPoolTaskExecutor - Initializing ExecutorService 'applicationTaskExecutor'
2021-05-22 14:27:55.974 [main] INFO  ServiceListener - XLRPC节点服务已启动^_^:[com.qrpc.api.OrderServer-orderServer-1.0, com.qrpc.api.ApiServer-apiServer-1.0, com.qrpc.api.UserServer-userServer-1.0]
2021-05-22 14:27:55.975 [pool-1-thread-1] INFO  ServiceListener - @@@@@@ ServiceName :com.qrpc.api.OrderServer-orderServer-1.0 ServiceQps :50.0 Service RateLimit:50.0
2021-05-22 14:27:55.977 [pool-1-thread-1] INFO  ServiceListener - @@@@@@ ServiceName :com.qrpc.api.ApiServer-apiServer-1.0 ServiceQps :50.0 Service RateLimit:50.0
2021-05-22 14:27:55.977 [main] INFO  Http11NioProtocol - Starting ProtocolHandler ["http-nio-11990"]
2021-05-22 14:27:55.977 [pool-1-thread-1] INFO  ServiceListener - @@@@@@ ServiceName :com.qrpc.api.UserServer-userServer-1.0 ServiceQps :50.0 Service RateLimit:50.0
2021-05-22 14:27:56.009 [main] INFO  TomcatWebServer - Tomcat started on port(s): 11990 (http) with context path ''
2021-05-22 14:27:56.013 [main] INFO  ServerRPCApplication - Started ServerRPCApplication in 2.148 seconds (JVM running for 2.975)
2021-05-22 14:27:56.180 [Thread-6] WARN  ServerBootstrap - Unknown channel option 'SO_KEEPALIVE' for channel '[id: 0x2a569e34]'
2021-05-22 14:27:56.180 [Thread-6] WARN  ServerBootstrap - Unknown channel option 'TCP_NODELAY' for channel '[id: 0x2a569e34]'
2021-05-22 14:27:56.183 [Thread-6] WARN  ServerBootstrap - Unknown channel option 'SO_SNDBUF' for channel '[id: 0x2a569e34]'
2021-05-22 14:27:56.191 [Thread-6] INFO  TcpServer - Liveme.Rpc NodeServer Launcher Success! ^_^ IP:127.0.0.1 | PORT:8780
2021-05-22 14:27:56.191 [Thread-6] INFO  ServerStarter - ###### 是否注册zookeeper 长连接服务节点 isReg : 【是】
2021-05-22 14:27:56.193 [Thread-6] INFO  ZkHelp - zooKeeperCluster=127.0.0.1:2181
2021-05-22 14:27:56.219 [Thread-6] INFO  ZooKeeper - Client environment:zookeeper.version=3.4.5-1392090, built on 09/30/2012 17:52 GMT
2021-05-22 14:27:56.220 [Thread-6] INFO  ZooKeeper - Client environment:host.name=bogon
2021-05-22 14:27:56.220 [Thread-6] INFO  ZooKeeper - Client environment:java.version=1.8.0_241
2021-05-22 14:27:56.220 [Thread-6] INFO  ZooKeeper - Client environment:java.vendor=Oracle Corporation
2021-05-22 14:27:56.220 [Thread-6] INFO  ZooKeeper - Client environment:java.home=/Library/Java/JavaVirtualMachines/jdk1.8.0_241.jdk/Contents/Home/jre
2021-05-22 14:27:56.220 [Thread-6] INFO  ZooKeeper - Client environment:java.class.path=/Library/Java/JavaVirtualMachines/jdk1.8.0_241.jdk/Contents/Home/jre/lib/charsets.jar:/Library/Java/JavaVirtualMachines/jdk1.8.0_241.jdk/Contents/Home/jre/lib/deploy.jar:/Library/Java/JavaVirtualMachines/jdk1.8.0_241.jdk/Contents/Home/jre/lib/ext/cldrdata.jar:/Library/Java/JavaVirtualMachines/jdk1.8.0_241.jdk/Contents/Home/jre/lib/ext/dnsns.jar:/Library/Java/JavaVirtualMachines/jdk1.8.0_241.jdk/Contents/Home/jre/lib/ext/jaccess.jar:/Library/Java/JavaVirtualMachines/jdk1.8.0_241.jdk/Contents/Home/jre/lib/ext/jfxrt.jar:/Library/Java/JavaVirtualMachines/jdk1.8.0_241.jdk/Contents/Home/jre/lib/ext/localedata.jar:/Library/Java/JavaVirtualMachines/jdk1.8.0_241.jdk/Contents/Home/jre/lib/ext/nashorn.jar:/Library/Java/JavaVirtualMachines/jdk1.8.0_241.jdk/Contents/Home/jre/lib/ext/sunec.jar:/Library/Java/JavaVirtualMachines/jdk1.8.0_241.jdk/Contents/Home/jre/lib/ext/sunjce_provider.jar:/Library/Java/JavaVirtualMachines/jdk1.8.0_241.jdk/Contents/Home/jre/lib/ext/sunpkcs11.jar:/Library/Java/JavaVirtualMachines/jdk1.8.0_241.jdk/Contents/Home/jre/lib/ext/zipfs.jar:/Library/Java/JavaVirtualMachines/jdk1.8.0_241.jdk/Contents/Home/jre/lib/javaws.jar:/Library/Java/JavaVirtualMachines/jdk1.8.0_241.jdk/Contents/Home/jre/lib/jce.jar:/Library/Java/JavaVirtualMachines/jdk1.8.0_241.jdk/Contents/Home/jre/lib/jfr.jar:/Library/Java/JavaVirtualMachines/jdk1.8.0_241.jdk/Contents/Home/jre/lib/jfxswt.jar:/Library/Java/JavaVirtualMachines/jdk1.8.0_241.jdk/Contents/Home/jre/lib/jsse.jar:/Library/Java/JavaVirtualMachines/jdk1.8.0_241.jdk/Contents/Home/jre/lib/management-agent.jar:/Library/Java/JavaVirtualMachines/jdk1.8.0_241.jdk/Contents/Home/jre/lib/plugin.jar:/Library/Java/JavaVirtualMachines/jdk1.8.0_241.jdk/Contents/Home/jre/lib/resources.jar:/Library/Java/JavaVirtualMachines/jdk1.8.0_241.jdk/Contents/Home/jre/lib/rt.jar:/Library/Java/JavaVirtualMachines/jdk1.8.0_241.jdk/Contents/Home/lib/ant-javafx.jar:/Library/Java/JavaVirtualMachines/jdk1.8.0_241.jdk/Contents/Home/lib/dt.jar:/Library/Java/JavaVirtualMachines/jdk1.8.0_241.jdk/Contents/Home/lib/javafx-mx.jar:/Library/Java/JavaVirtualMachines/jdk1.8.0_241.jdk/Contents/Home/lib/jconsole.jar:/Library/Java/JavaVirtualMachines/jdk1.8.0_241.jdk/Contents/Home/lib/packager.jar:/Library/Java/JavaVirtualMachines/jdk1.8.0_241.jdk/Contents/Home/lib/sa-jdi.jar:/Library/Java/JavaVirtualMachines/jdk1.8.0_241.jdk/Contents/Home/lib/tools.jar:/Users/xuliang/Documents/xl-rpc/xl-rpc/test-qsrpc/qrpc-server/target/classes:/Users/xuliang/Documents/xl-rpc/xl-rpc/test-qsrpc/api-sdk/target/classes:/Users/xuliang/Documents/xl-rpc/xl-rpc/xlrpc-starter/target/classes:/Users/xuliang/Documents/xl-rpc/xl-rpc/XLRPC/target/classes:/Users/xuliang/Documents/xl-rpc-respory/com/google/protobuf/protobuf-java/3.0.0/protobuf-java-3.0.0.jar:/Users/xuliang/Documents/xl-rpc-respory/org/springframework/boot/spring-boot-starter/2.1.3.RELEASE/spring-boot-starter-2.1.3.RELEASE.jar:/Users/xuliang/Documents/xl-rpc-respory/org/springframework/boot/spring-boot/2.1.3.RELEASE/spring-boot-2.1.3.RELEASE.jar:/Users/xuliang/Documents/xl-rpc-respory/org/springframework/spring-context/5.1.5.RELEASE/spring-context-5.1.5.RELEASE.jar:/Users/xuliang/Documents/xl-rpc-respory/org/springframework/boot/spring-boot-autoconfigure/2.1.3.RELEASE/spring-boot-autoconfigure-2.1.3.RELEASE.jar:/Users/xuliang/Documents/xl-rpc-respory/org/springframework/boot/spring-boot-starter-logging/2.1.3.RELEASE/spring-boot-starter-logging-2.1.3.RELEASE.jar:/Users/xuliang/Documents/xl-rpc-respory/org/apache/logging/log4j/log4j-to-slf4j/2.11.2/log4j-to-slf4j-2.11.2.jar:/Users/xuliang/Documents/xl-rpc-respory/org/apache/logging/log4j/log4j-api/2.11.2/log4j-api-2.11.2.jar:/Users/xuliang/Documents/xl-rpc-respory/org/slf4j/jul-to-slf4j/1.7.25/jul-to-slf4j-1.7.25.jar:/Users/xuliang/Documents/xl-rpc-respory/javax/annotation/javax.annotation-api/1.3.2/javax.annotation-api-1.3.2.jar:/Users/xuliang/Documents/xl-rpc-respory/org/springframework/spring-core/5.1.5.RELEASE/spring-core-5.1.5.RELEASE.jar:/Users/xuliang/Documents/xl-rpc-respory/org/springframework/spring-jcl/5.1.5.RELEASE/spring-jcl-5.1.5.RELEASE.jar:/Users/xuliang/Documents/xl-rpc-respory/org/yaml/snakeyaml/1.23/snakeyaml-1.23.jar:/Users/xuliang/Documents/xl-rpc-respory/org/springframework/boot/spring-boot-starter-web/2.1.3.RELEASE/spring-boot-starter-web-2.1.3.RELEASE.jar:/Users/xuliang/Documents/xl-rpc-respory/org/springframework/boot/spring-boot-starter-json/2.1.3.RELEASE/spring-boot-starter-json-2.1.3.RELEASE.jar:/Users/xuliang/Documents/xl-rpc-respory/com/fasterxml/jackson/core/jackson-databind/2.9.8/jackson-databind-2.9.8.jar:/Users/xuliang/Documents/xl-rpc-respory/com/fasterxml/jackson/core/jackson-annotations/2.9.0/jackson-annotations-2.9.0.jar:/Users/xuliang/Documents/xl-rpc-respory/com/fasterxml/jackson/core/jackson-core/2.9.8/jackson-core-2.9.8.jar:/Users/xuliang/Documents/xl-rpc-respory/com/fasterxml/jackson/datatype/jackson-datatype-jdk8/2.9.8/jackson-datatype-jdk8-2.9.8.jar:/Users/xuliang/Documents/xl-rpc-respory/com/fasterxml/jackson/datatype/jackson-datatype-jsr310/2.9.8/jackson-datatype-jsr310-2.9.8.jar:/Users/xuliang/Documents/xl-rpc-respory/com/fasterxml/jackson/module/jackson-module-parameter-names/2.9.8/jackson-module-parameter-names-2.9.8.jar:/Users/xuliang/Documents/xl-rpc-respory/org/springframework/boot/spring-boot-starter-tomcat/2.1.3.RELEASE/spring-boot-starter-tomcat-2.1.3.RELEASE.jar:/Users/xuliang/Documents/xl-rpc-respory/org/apache/tomcat/embed/tomcat-embed-core/9.0.16/tomcat-embed-core-9.0.16.jar:/Users/xuliang/Documents/xl-rpc-respory/org/apache/tomcat/embed/tomcat-embed-el/9.0.16/tomcat-embed-el-9.0.16.jar:/Users/xuliang/Documents/xl-rpc-respory/org/apache/tomcat/embed/tomcat-embed-websocket/9.0.16/tomcat-embed-websocket-9.0.16.jar:/Users/xuliang/Documents/xl-rpc-respory/org/hibernate/validator/hibernate-validator/6.0.14.Final/hibernate-validator-6.0.14.Final.jar:/Users/xuliang/Documents/xl-rpc-respory/javax/validation/validation-api/2.0.1.Final/validation-api-2.0.1.Final.jar:/Users/xuliang/Documents/xl-rpc-respory/org/jboss/logging/jboss-logging/3.3.2.Final/jboss-logging-3.3.2.Final.jar:/Users/xuliang/Documents/xl-rpc-respory/com/fasterxml/classmate/1.4.0/classmate-1.4.0.jar:/Users/xuliang/Documents/xl-rpc-respory/org/springframework/spring-web/5.1.5.RELEASE/spring-web-5.1.5.RELEASE.jar:/Users/xuliang/Documents/xl-rpc-respory/org/springframework/spring-beans/5.1.5.RELEASE/spring-beans-5.1.5.RELEASE.jar:/Users/xuliang/Documents/xl-rpc-respory/org/springframework/spring-webmvc/5.1.5.RELEASE/spring-webmvc-5.1.5.RELEASE.jar:/Users/xuliang/Documents/xl-rpc-respory/org/springframework/spring-aop/5.1.5.RELEASE/spring-aop-5.1.5.RELEASE.jar:/Users/xuliang/Documents/xl-rpc-respory/org/springframework/spring-expression/5.1.5.RELEASE/spring-expression-5.1.5.RELEASE.jar:/Users/xuliang/Documents/xl-rpc-respory/io/netty/netty-all/4.1.54.Final/netty-all-4.1.54.Final.jar:/Users/xuliang/Documents/xl-rpc-respory/ch/qos/logback/logback-classic/1.1.7/logback-classic-1.1.7.jar:/Users/xuliang/Documents/xl-rpc-respory/ch/qos/logback/logback-core/1.1.7/logback-core-1.1.7.jar:/Users/xuliang/Documents/xl-rpc-respory/org/slf4j/slf4j-api/1.7.21/slf4j-api-1.7.21.jar:/Users/xuliang/Documents/xl-rpc-respory/io/protostuff/protostuff-core/1.7.2/protostuff-core-1.7.2.jar:/Users/xuliang/Documents/xl-rpc-respory/io/protostuff/protostuff-api/1.7.2/protostuff-api-1.7.2.jar:/Users/xuliang/Documents/xl-rpc-respory/io/protostuff/protostuff-runtime/1.7.2/protostuff-runtime-1.7.2.jar:/Users/xuliang/Documents/xl-rpc-respory/io/protostuff/protostuff-collectionschema/1.7.2/protostuff-collectionschema-1.7.2.jar:/Users/xuliang/Documents/xl-rpc-respory/org/objenesis/objenesis/2.1/objenesis-2.1.jar:/Users/xuliang/Documents/xl-rpc-respory/com/google/guava/guava/21.0/guava-21.0.jar:/Users/xuliang/Documents/xl-rpc-respory/commons-lang/commons-lang/2.6/commons-lang-2.6.jar:/Users/xuliang/Documents/xl-rpc-respory/org/apache/commons/commons-lang3/3.5/commons-lang3-3.5.jar:/Users/xuliang/Documents/xl-rpc-respory/commons-codec/commons-codec/1.4/commons-codec-1.4.jar:/Users/xuliang/Documents/xl-rpc-respory/commons-fileupload/commons-fileupload/1.2.2/commons-fileupload-1.2.2.jar:/Users/xuliang/Documents/xl-rpc-respory/commons-io/commons-io/2.1/commons-io-2.1.jar:/Users/xuliang/Documents/xl-rpc-respory/commons-collections/commons-collections/3.2.1/commons-collections-3.2.1.jar:/Users/xuliang/Documents/xl-rpc-respory/commons-pool/commons-pool/1.6/commons-pool-1.6.jar:/Users/xuliang/Documents/xl-rpc-respory/org/apache/commons/commons-pool2/2.0/commons-pool2-2.0.jar:/Users/xuliang/Documents/xl-rpc-respory/org/projectlombok/lombok/1.16.18/lombok-1.16.18.jar:/Users/xuliang/Documents/xl-rpc-respory/org/json/json/20090211/json-20090211.jar:/Users/xuliang/Documents/xl-rpc-respory/net/sf/json-lib/json-lib/2.4/json-lib-2.4-jdk15.jar:/Users/xuliang/Documents/xl-rpc-respory/commons-beanutils/commons-beanutils/1.8.0/commons-beanutils-1.8.0.jar:/Users/xuliang/Documents/xl-rpc-respory/net/sf/ezmorph/ezmorph/1.0.6/ezmorph-1.0.6.jar:/Users/xuliang/Documents/xl-rpc-respory/org/codehaus/jackson/jackson-mapper-asl/1.8.5/jackson-mapper-asl-1.8.5.jar:/Users/xuliang/Documents/xl-rpc-respory/org/codehaus/jackson/jackson-core-asl/1.8.5/jackson-core-asl-1.8.5.jar:/Users/xuliang/Documents/xl-rpc-respory/com/alibaba/fastjson/1.2.34/fastjson-1.2.34.jar:/Users/xuliang/Documents/xl-rpc-respory/org/xerial/snappy/snappy-java/1.1.8.1/snappy-java-1.1.8.1.jar:/Users/xuliang/Documents/xl-rpc-respory/com/github/adyliu/zkclient/2.0/zkclient-2.0.jar:/Users/xuliang/Documents/xl-rpc-respory/org/apache/zookeeper/zookeeper/3.4.5/zookeeper-3.4.5.jar:/Users/xuliang/Documents/xl-rpc-respory/org/slf4j/slf4j-log4j12/1.7.25/slf4j-log4j12-1.7.25.jar:/Users/xuliang/Documents/xl-rpc-respory/log4j/log4j/1.2.16/log4j-1.2.16.jar:/Applications/IntelliJ IDEA.app/Contents/lib/idea_rt.jar:/Users/xuliang/Library/Caches/JetBrains/IntelliJIdea2020.1/captureAgent/debugger-agent.jar
2021-05-22 14:27:56.220 [Thread-6] INFO  ZooKeeper - Client environment:java.library.path=/Users/xuliang/Library/Java/Extensions:/Library/Java/Extensions:/Network/Library/Java/Extensions:/System/Library/Java/Extensions:/usr/lib/java:.
2021-05-22 14:27:56.220 [Thread-6] INFO  ZooKeeper - Client environment:java.io.tmpdir=/var/folders/r0/_357tnqs73v66q9b2nqddsbc0000gn/T/
2021-05-22 14:27:56.220 [Thread-6] INFO  ZooKeeper - Client environment:java.compiler=<NA>
2021-05-22 14:27:56.220 [Thread-6] INFO  ZooKeeper - Client environment:os.name=Mac OS X
2021-05-22 14:27:56.220 [Thread-6] INFO  ZooKeeper - Client environment:os.arch=x86_64
2021-05-22 14:27:56.221 [Thread-6] INFO  ZooKeeper - Client environment:os.version=10.13.6
2021-05-22 14:27:56.221 [Thread-6] INFO  ZooKeeper - Client environment:user.name=xuliang
2021-05-22 14:27:56.221 [Thread-6] INFO  ZooKeeper - Client environment:user.home=/Users/xuliang
2021-05-22 14:27:56.221 [Thread-6] INFO  ZooKeeper - Client environment:user.dir=/Users/xuliang/Documents/xl-rpc/xl-rpc
2021-05-22 14:27:56.221 [Thread-6] INFO  ZooKeeper - Initiating client connection, connectString=127.0.0.1:2181 sessionTimeout=60000 watcher=com.github.zkclient.ZkClient@feb24f4
2021-05-22 14:27:56.229 [Thread-6-SendThread(localhost:2181)] INFO  ClientCnxn - Opening socket connection to server localhost/127.0.0.1:2181. Will not attempt to authenticate using SASL (unknown error)
2021-05-22 14:27:56.234 [Thread-6-SendThread(localhost:2181)] INFO  ClientCnxn - Socket connection established to localhost/127.0.0.1:2181, initiating session
2021-05-22 14:27:56.243 [Thread-6-SendThread(localhost:2181)] INFO  ClientCnxn - Session establishment complete on server localhost/127.0.0.1:2181, sessionid = 0x10010eb60670002, negotiated timeout = 40000
2021-05-22 14:27:56.245 [Thread-6] INFO  ZkHelp - environmentFlag=null
2021-05-22 14:28:27.710 [Thread-8] INFO  ThreadPoolTaskExecutor - Shutting down ExecutorService 'applicationTaskExecutor'
2021-05-22 14:31:42.392 [main] INFO  ServerRPCApplication - Starting ServerRPCApplication on bogon with PID 26100 (/Users/xuliang/Documents/xl-rpc/xl-rpc/test-qsrpc/xl-server/target/classes started by xuliang in /Users/xuliang/Documents/xl-rpc/xl-rpc)
2021-05-22 14:31:42.395 [main] INFO  ServerRPCApplication - No active profile set, falling back to default profiles: default
2021-05-22 14:31:44.036 [main] INFO  TomcatWebServer - Tomcat initialized with port(s): 11990 (http)
2021-05-22 14:31:44.056 [main] INFO  Http11NioProtocol - Initializing ProtocolHandler ["http-nio-11990"]
2021-05-22 14:31:44.068 [main] INFO  StandardService - Starting service [Tomcat]
2021-05-22 14:31:44.068 [main] INFO  StandardEngine - Starting Servlet engine: [Apache Tomcat/9.0.16]
2021-05-22 14:31:44.075 [main] INFO  AprLifecycleListener - The APR based Apache Tomcat Native library which allows optimal performance in production environments was not found on the java.library.path: [/Users/xuliang/Library/Java/Extensions:/Library/Java/Extensions:/Network/Library/Java/Extensions:/System/Library/Java/Extensions:/usr/lib/java:.]
2021-05-22 14:31:44.185 [main] INFO  [/] - Initializing Spring embedded WebApplicationContext
2021-05-22 14:31:44.185 [main] INFO  ContextLoader - Root WebApplicationContext: initialization completed in 1730 ms
2021-05-22 14:31:44.463 [main] INFO  ThreadPoolTaskExecutor - Initializing ExecutorService 'applicationTaskExecutor'
2021-05-22 14:31:44.762 [main] INFO  ServiceListener - XLRPC节点服务已启动^_^:[com.qrpc.api.OrderServer-orderServer-1.0, com.qrpc.api.ApiServer-apiServer-1.0, com.qrpc.api.UserServer-userServer-1.0]
2021-05-22 14:31:44.767 [main] INFO  Http11NioProtocol - Starting ProtocolHandler ["http-nio-11990"]
2021-05-22 14:31:44.764 [pool-1-thread-1] INFO  ServiceListener - @@@@@@ ServiceName :com.qrpc.api.OrderServer-orderServer-1.0 ServiceQps :50.0 Service RateLimit:50.0
2021-05-22 14:31:44.769 [pool-1-thread-1] INFO  ServiceListener - @@@@@@ ServiceName :com.qrpc.api.ApiServer-apiServer-1.0 ServiceQps :50.0 Service RateLimit:50.0
2021-05-22 14:31:44.769 [pool-1-thread-1] INFO  ServiceListener - @@@@@@ ServiceName :com.qrpc.api.UserServer-userServer-1.0 ServiceQps :50.0 Service RateLimit:50.0
2021-05-22 14:31:44.924 [main] INFO  TomcatWebServer - Tomcat started on port(s): 11990 (http) with context path ''
2021-05-22 14:31:44.945 [main] INFO  ServerRPCApplication - Started ServerRPCApplication in 2.987 seconds (JVM running for 3.907)
2021-05-22 14:31:45.154 [Thread-7] WARN  ServerBootstrap - Unknown channel option 'SO_KEEPALIVE' for channel '[id: 0x942713b9]'
2021-05-22 14:31:45.154 [Thread-7] WARN  ServerBootstrap - Unknown channel option 'TCP_NODELAY' for channel '[id: 0x942713b9]'
2021-05-22 14:31:45.157 [Thread-7] WARN  ServerBootstrap - Unknown channel option 'SO_SNDBUF' for channel '[id: 0x942713b9]'
2021-05-22 14:31:45.171 [Thread-7] INFO  TcpServer - Liveme.Rpc NodeServer Launcher Success! ^_^ IP:127.0.0.1 | PORT:8780
2021-05-22 14:31:45.174 [Thread-7] INFO  ServerStarter - ###### 是否注册zookeeper 长连接服务节点 isReg : 【是】
2021-05-22 14:31:45.176 [Thread-7] INFO  ZkHelp - zooKeeperCluster=127.0.0.1:2181
2021-05-22 14:31:45.222 [Thread-7] INFO  ZooKeeper - Client environment:zookeeper.version=3.4.5-1392090, built on 09/30/2012 17:52 GMT
2021-05-22 14:31:45.222 [Thread-7] INFO  ZooKeeper - Client environment:host.name=bogon
2021-05-22 14:31:45.222 [Thread-7] INFO  ZooKeeper - Client environment:java.version=1.8.0_241
2021-05-22 14:31:45.222 [Thread-7] INFO  ZooKeeper - Client environment:java.vendor=Oracle Corporation
2021-05-22 14:31:45.222 [Thread-7] INFO  ZooKeeper - Client environment:java.home=/Library/Java/JavaVirtualMachines/jdk1.8.0_241.jdk/Contents/Home/jre
2021-05-22 14:31:45.222 [Thread-7] INFO  ZooKeeper - Client environment:java.class.path=/Library/Java/JavaVirtualMachines/jdk1.8.0_241.jdk/Contents/Home/jre/lib/charsets.jar:/Library/Java/JavaVirtualMachines/jdk1.8.0_241.jdk/Contents/Home/jre/lib/deploy.jar:/Library/Java/JavaVirtualMachines/jdk1.8.0_241.jdk/Contents/Home/jre/lib/ext/cldrdata.jar:/Library/Java/JavaVirtualMachines/jdk1.8.0_241.jdk/Contents/Home/jre/lib/ext/dnsns.jar:/Library/Java/JavaVirtualMachines/jdk1.8.0_241.jdk/Contents/Home/jre/lib/ext/jaccess.jar:/Library/Java/JavaVirtualMachines/jdk1.8.0_241.jdk/Contents/Home/jre/lib/ext/jfxrt.jar:/Library/Java/JavaVirtualMachines/jdk1.8.0_241.jdk/Contents/Home/jre/lib/ext/localedata.jar:/Library/Java/JavaVirtualMachines/jdk1.8.0_241.jdk/Contents/Home/jre/lib/ext/nashorn.jar:/Library/Java/JavaVirtualMachines/jdk1.8.0_241.jdk/Contents/Home/jre/lib/ext/sunec.jar:/Library/Java/JavaVirtualMachines/jdk1.8.0_241.jdk/Contents/Home/jre/lib/ext/sunjce_provider.jar:/Library/Java/JavaVirtualMachines/jdk1.8.0_241.jdk/Contents/Home/jre/lib/ext/sunpkcs11.jar:/Library/Java/JavaVirtualMachines/jdk1.8.0_241.jdk/Contents/Home/jre/lib/ext/zipfs.jar:/Library/Java/JavaVirtualMachines/jdk1.8.0_241.jdk/Contents/Home/jre/lib/javaws.jar:/Library/Java/JavaVirtualMachines/jdk1.8.0_241.jdk/Contents/Home/jre/lib/jce.jar:/Library/Java/JavaVirtualMachines/jdk1.8.0_241.jdk/Contents/Home/jre/lib/jfr.jar:/Library/Java/JavaVirtualMachines/jdk1.8.0_241.jdk/Contents/Home/jre/lib/jfxswt.jar:/Library/Java/JavaVirtualMachines/jdk1.8.0_241.jdk/Contents/Home/jre/lib/jsse.jar:/Library/Java/JavaVirtualMachines/jdk1.8.0_241.jdk/Contents/Home/jre/lib/management-agent.jar:/Library/Java/JavaVirtualMachines/jdk1.8.0_241.jdk/Contents/Home/jre/lib/plugin.jar:/Library/Java/JavaVirtualMachines/jdk1.8.0_241.jdk/Contents/Home/jre/lib/resources.jar:/Library/Java/JavaVirtualMachines/jdk1.8.0_241.jdk/Contents/Home/jre/lib/rt.jar:/Library/Java/JavaVirtualMachines/jdk1.8.0_241.jdk/Contents/Home/lib/ant-javafx.jar:/Library/Java/JavaVirtualMachines/jdk1.8.0_241.jdk/Contents/Home/lib/dt.jar:/Library/Java/JavaVirtualMachines/jdk1.8.0_241.jdk/Contents/Home/lib/javafx-mx.jar:/Library/Java/JavaVirtualMachines/jdk1.8.0_241.jdk/Contents/Home/lib/jconsole.jar:/Library/Java/JavaVirtualMachines/jdk1.8.0_241.jdk/Contents/Home/lib/packager.jar:/Library/Java/JavaVirtualMachines/jdk1.8.0_241.jdk/Contents/Home/lib/sa-jdi.jar:/Library/Java/JavaVirtualMachines/jdk1.8.0_241.jdk/Contents/Home/lib/tools.jar:/Users/xuliang/Documents/xl-rpc/xl-rpc/test-qsrpc/xl-server/target/classes:/Users/xuliang/Documents/xl-rpc/xl-rpc/test-qsrpc/api-sdk/target/classes:/Users/xuliang/Documents/xl-rpc/xl-rpc/xlrpc-starter/target/classes:/Users/xuliang/Documents/xl-rpc/xl-rpc/XLRPC/target/classes:/Users/xuliang/Documents/xl-rpc-respory/com/google/protobuf/protobuf-java/3.0.0/protobuf-java-3.0.0.jar:/Users/xuliang/Documents/xl-rpc-respory/org/springframework/boot/spring-boot-starter/2.1.3.RELEASE/spring-boot-starter-2.1.3.RELEASE.jar:/Users/xuliang/Documents/xl-rpc-respory/org/springframework/boot/spring-boot/2.1.3.RELEASE/spring-boot-2.1.3.RELEASE.jar:/Users/xuliang/Documents/xl-rpc-respory/org/springframework/spring-context/5.1.5.RELEASE/spring-context-5.1.5.RELEASE.jar:/Users/xuliang/Documents/xl-rpc-respory/org/springframework/boot/spring-boot-autoconfigure/2.1.3.RELEASE/spring-boot-autoconfigure-2.1.3.RELEASE.jar:/Users/xuliang/Documents/xl-rpc-respory/org/springframework/boot/spring-boot-starter-logging/2.1.3.RELEASE/spring-boot-starter-logging-2.1.3.RELEASE.jar:/Users/xuliang/Documents/xl-rpc-respory/org/apache/logging/log4j/log4j-to-slf4j/2.11.2/log4j-to-slf4j-2.11.2.jar:/Users/xuliang/Documents/xl-rpc-respory/org/apache/logging/log4j/log4j-api/2.11.2/log4j-api-2.11.2.jar:/Users/xuliang/Documents/xl-rpc-respory/org/slf4j/jul-to-slf4j/1.7.25/jul-to-slf4j-1.7.25.jar:/Users/xuliang/Documents/xl-rpc-respory/javax/annotation/javax.annotation-api/1.3.2/javax.annotation-api-1.3.2.jar:/Users/xuliang/Documents/xl-rpc-respory/org/springframework/spring-core/5.1.5.RELEASE/spring-core-5.1.5.RELEASE.jar:/Users/xuliang/Documents/xl-rpc-respory/org/springframework/spring-jcl/5.1.5.RELEASE/spring-jcl-5.1.5.RELEASE.jar:/Users/xuliang/Documents/xl-rpc-respory/org/yaml/snakeyaml/1.23/snakeyaml-1.23.jar:/Users/xuliang/Documents/xl-rpc-respory/org/springframework/boot/spring-boot-starter-web/2.1.3.RELEASE/spring-boot-starter-web-2.1.3.RELEASE.jar:/Users/xuliang/Documents/xl-rpc-respory/org/springframework/boot/spring-boot-starter-json/2.1.3.RELEASE/spring-boot-starter-json-2.1.3.RELEASE.jar:/Users/xuliang/Documents/xl-rpc-respory/com/fasterxml/jackson/core/jackson-databind/2.9.8/jackson-databind-2.9.8.jar:/Users/xuliang/Documents/xl-rpc-respory/com/fasterxml/jackson/core/jackson-annotations/2.9.0/jackson-annotations-2.9.0.jar:/Users/xuliang/Documents/xl-rpc-respory/com/fasterxml/jackson/core/jackson-core/2.9.8/jackson-core-2.9.8.jar:/Users/xuliang/Documents/xl-rpc-respory/com/fasterxml/jackson/datatype/jackson-datatype-jdk8/2.9.8/jackson-datatype-jdk8-2.9.8.jar:/Users/xuliang/Documents/xl-rpc-respory/com/fasterxml/jackson/datatype/jackson-datatype-jsr310/2.9.8/jackson-datatype-jsr310-2.9.8.jar:/Users/xuliang/Documents/xl-rpc-respory/com/fasterxml/jackson/module/jackson-module-parameter-names/2.9.8/jackson-module-parameter-names-2.9.8.jar:/Users/xuliang/Documents/xl-rpc-respory/org/springframework/boot/spring-boot-starter-tomcat/2.1.3.RELEASE/spring-boot-starter-tomcat-2.1.3.RELEASE.jar:/Users/xuliang/Documents/xl-rpc-respory/org/apache/tomcat/embed/tomcat-embed-core/9.0.16/tomcat-embed-core-9.0.16.jar:/Users/xuliang/Documents/xl-rpc-respory/org/apache/tomcat/embed/tomcat-embed-el/9.0.16/tomcat-embed-el-9.0.16.jar:/Users/xuliang/Documents/xl-rpc-respory/org/apache/tomcat/embed/tomcat-embed-websocket/9.0.16/tomcat-embed-websocket-9.0.16.jar:/Users/xuliang/Documents/xl-rpc-respory/org/hibernate/validator/hibernate-validator/6.0.14.Final/hibernate-validator-6.0.14.Final.jar:/Users/xuliang/Documents/xl-rpc-respory/javax/validation/validation-api/2.0.1.Final/validation-api-2.0.1.Final.jar:/Users/xuliang/Documents/xl-rpc-respory/org/jboss/logging/jboss-logging/3.3.2.Final/jboss-logging-3.3.2.Final.jar:/Users/xuliang/Documents/xl-rpc-respory/com/fasterxml/classmate/1.4.0/classmate-1.4.0.jar:/Users/xuliang/Documents/xl-rpc-respory/org/springframework/spring-web/5.1.5.RELEASE/spring-web-5.1.5.RELEASE.jar:/Users/xuliang/Documents/xl-rpc-respory/org/springframework/spring-beans/5.1.5.RELEASE/spring-beans-5.1.5.RELEASE.jar:/Users/xuliang/Documents/xl-rpc-respory/org/springframework/spring-webmvc/5.1.5.RELEASE/spring-webmvc-5.1.5.RELEASE.jar:/Users/xuliang/Documents/xl-rpc-respory/org/springframework/spring-aop/5.1.5.RELEASE/spring-aop-5.1.5.RELEASE.jar:/Users/xuliang/Documents/xl-rpc-respory/org/springframework/spring-expression/5.1.5.RELEASE/spring-expression-5.1.5.RELEASE.jar:/Users/xuliang/Documents/xl-rpc-respory/io/netty/netty-all/4.1.54.Final/netty-all-4.1.54.Final.jar:/Users/xuliang/Documents/xl-rpc-respory/ch/qos/logback/logback-classic/1.1.7/logback-classic-1.1.7.jar:/Users/xuliang/Documents/xl-rpc-respory/ch/qos/logback/logback-core/1.1.7/logback-core-1.1.7.jar:/Users/xuliang/Documents/xl-rpc-respory/org/slf4j/slf4j-api/1.7.21/slf4j-api-1.7.21.jar:/Users/xuliang/Documents/xl-rpc-respory/io/protostuff/protostuff-core/1.7.2/protostuff-core-1.7.2.jar:/Users/xuliang/Documents/xl-rpc-respory/io/protostuff/protostuff-api/1.7.2/protostuff-api-1.7.2.jar:/Users/xuliang/Documents/xl-rpc-respory/io/protostuff/protostuff-runtime/1.7.2/protostuff-runtime-1.7.2.jar:/Users/xuliang/Documents/xl-rpc-respory/io/protostuff/protostuff-collectionschema/1.7.2/protostuff-collectionschema-1.7.2.jar:/Users/xuliang/Documents/xl-rpc-respory/org/objenesis/objenesis/2.1/objenesis-2.1.jar:/Users/xuliang/Documents/xl-rpc-respory/com/google/guava/guava/21.0/guava-21.0.jar:/Users/xuliang/Documents/xl-rpc-respory/commons-lang/commons-lang/2.6/commons-lang-2.6.jar:/Users/xuliang/Documents/xl-rpc-respory/org/apache/commons/commons-lang3/3.5/commons-lang3-3.5.jar:/Users/xuliang/Documents/xl-rpc-respory/commons-codec/commons-codec/1.4/commons-codec-1.4.jar:/Users/xuliang/Documents/xl-rpc-respory/commons-fileupload/commons-fileupload/1.2.2/commons-fileupload-1.2.2.jar:/Users/xuliang/Documents/xl-rpc-respory/commons-io/commons-io/2.1/commons-io-2.1.jar:/Users/xuliang/Documents/xl-rpc-respory/commons-collections/commons-collections/3.2.1/commons-collections-3.2.1.jar:/Users/xuliang/Documents/xl-rpc-respory/commons-pool/commons-pool/1.6/commons-pool-1.6.jar:/Users/xuliang/Documents/xl-rpc-respory/org/apache/commons/commons-pool2/2.0/commons-pool2-2.0.jar:/Users/xuliang/Documents/xl-rpc-respory/org/projectlombok/lombok/1.16.18/lombok-1.16.18.jar:/Users/xuliang/Documents/xl-rpc-respory/org/json/json/20090211/json-20090211.jar:/Users/xuliang/Documents/xl-rpc-respory/net/sf/json-lib/json-lib/2.4/json-lib-2.4-jdk15.jar:/Users/xuliang/Documents/xl-rpc-respory/commons-beanutils/commons-beanutils/1.8.0/commons-beanutils-1.8.0.jar:/Users/xuliang/Documents/xl-rpc-respory/net/sf/ezmorph/ezmorph/1.0.6/ezmorph-1.0.6.jar:/Users/xuliang/Documents/xl-rpc-respory/org/codehaus/jackson/jackson-mapper-asl/1.8.5/jackson-mapper-asl-1.8.5.jar:/Users/xuliang/Documents/xl-rpc-respory/org/codehaus/jackson/jackson-core-asl/1.8.5/jackson-core-asl-1.8.5.jar:/Users/xuliang/Documents/xl-rpc-respory/com/alibaba/fastjson/1.2.34/fastjson-1.2.34.jar:/Users/xuliang/Documents/xl-rpc-respory/org/xerial/snappy/snappy-java/1.1.8.1/snappy-java-1.1.8.1.jar:/Users/xuliang/Documents/xl-rpc-respory/com/github/adyliu/zkclient/2.0/zkclient-2.0.jar:/Users/xuliang/Documents/xl-rpc-respory/org/apache/zookeeper/zookeeper/3.4.5/zookeeper-3.4.5.jar:/Users/xuliang/Documents/xl-rpc-respory/org/slf4j/slf4j-log4j12/1.7.25/slf4j-log4j12-1.7.25.jar:/Users/xuliang/Documents/xl-rpc-respory/log4j/log4j/1.2.16/log4j-1.2.16.jar:/Applications/IntelliJ IDEA.app/Contents/lib/idea_rt.jar:/Users/xuliang/Library/Caches/JetBrains/IntelliJIdea2020.1/captureAgent/debugger-agent.jar
2021-05-22 14:31:45.223 [Thread-7] INFO  ZooKeeper - Client environment:java.library.path=/Users/xuliang/Library/Java/Extensions:/Library/Java/Extensions:/Network/Library/Java/Extensions:/System/Library/Java/Extensions:/usr/lib/java:.
2021-05-22 14:31:45.223 [Thread-7] INFO  ZooKeeper - Client environment:java.io.tmpdir=/var/folders/r0/_357tnqs73v66q9b2nqddsbc0000gn/T/
2021-05-22 14:31:45.223 [Thread-7] INFO  ZooKeeper - Client environment:java.compiler=<NA>
2021-05-22 14:31:45.223 [Thread-7] INFO  ZooKeeper - Client environment:os.name=Mac OS X
2021-05-22 14:31:45.223 [Thread-7] INFO  ZooKeeper - Client environment:os.arch=x86_64
2021-05-22 14:31:45.223 [Thread-7] INFO  ZooKeeper - Client environment:os.version=10.13.6
2021-05-22 14:31:45.223 [Thread-7] INFO  ZooKeeper - Client environment:user.name=xuliang
2021-05-22 14:31:45.223 [Thread-7] INFO  ZooKeeper - Client environment:user.home=/Users/xuliang
2021-05-22 14:31:45.224 [Thread-7] INFO  ZooKeeper - Client environment:user.dir=/Users/xuliang/Documents/xl-rpc/xl-rpc
2021-05-22 14:31:45.224 [Thread-7] INFO  ZooKeeper - Initiating client connection, connectString=127.0.0.1:2181 sessionTimeout=60000 watcher=com.github.zkclient.ZkClient@d2725d9
2021-05-22 14:31:45.236 [Thread-7-SendThread(localhost:2181)] INFO  ClientCnxn - Opening socket connection to server localhost/127.0.0.1:2181. Will not attempt to authenticate using SASL (unknown error)
2021-05-22 14:31:45.242 [Thread-7-SendThread(localhost:2181)] INFO  ClientCnxn - Socket connection established to localhost/127.0.0.1:2181, initiating session
2021-05-22 14:31:45.250 [Thread-7-SendThread(localhost:2181)] INFO  ClientCnxn - Session establishment complete on server localhost/127.0.0.1:2181, sessionid = 0x10010eb60670004, negotiated timeout = 40000
2021-05-22 14:31:45.252 [Thread-7] INFO  ZkHelp - environmentFlag=dev
2021-05-22 14:31:54.381 [Thread-9] INFO  ThreadPoolTaskExecutor - Shutting down ExecutorService 'applicationTaskExecutor'
2021-05-22 14:32:21.644 [main] INFO  ServerRPCApplication - Starting ServerRPCApplication on bogon with PID 26111 (/Users/xuliang/Documents/xl-rpc/xl-rpc/test-qsrpc/xl-server/target/classes started by xuliang in /Users/xuliang/Documents/xl-rpc/xl-rpc)
2021-05-22 14:32:21.647 [main] INFO  ServerRPCApplication - No active profile set, falling back to default profiles: default
2021-05-22 14:32:22.537 [main] INFO  TomcatWebServer - Tomcat initialized with port(s): 11990 (http)
2021-05-22 14:32:22.548 [main] INFO  Http11NioProtocol - Initializing ProtocolHandler ["http-nio-11990"]
2021-05-22 14:32:22.557 [main] INFO  StandardService - Starting service [Tomcat]
2021-05-22 14:32:22.557 [main] INFO  StandardEngine - Starting Servlet engine: [Apache Tomcat/9.0.16]
2021-05-22 14:32:22.563 [main] INFO  AprLifecycleListener - The APR based Apache Tomcat Native library which allows optimal performance in production environments was not found on the java.library.path: [/Users/xuliang/Library/Java/Extensions:/Library/Java/Extensions:/Network/Library/Java/Extensions:/System/Library/Java/Extensions:/usr/lib/java:.]
2021-05-22 14:32:22.639 [main] INFO  [/] - Initializing Spring embedded WebApplicationContext
2021-05-22 14:32:22.640 [main] INFO  ContextLoader - Root WebApplicationContext: initialization completed in 935 ms
2021-05-22 14:32:22.835 [main] INFO  ThreadPoolTaskExecutor - Initializing ExecutorService 'applicationTaskExecutor'
2021-05-22 14:32:23.034 [main] INFO  ServiceListener - XLRPC节点服务已启动^_^:[com.qrpc.api.OrderServer-orderServer-1.0, com.qrpc.api.ApiServer-apiServer-1.0, com.qrpc.api.UserServer-userServer-1.0]
2021-05-22 14:32:23.035 [pool-1-thread-1] INFO  ServiceListener - @@@@@@ ServiceName :com.qrpc.api.OrderServer-orderServer-1.0 ServiceQps :50.0 Service RateLimit:50.0
2021-05-22 14:32:23.036 [pool-1-thread-1] INFO  ServiceListener - @@@@@@ ServiceName :com.qrpc.api.ApiServer-apiServer-1.0 ServiceQps :50.0 Service RateLimit:50.0
2021-05-22 14:32:23.036 [pool-1-thread-1] INFO  ServiceListener - @@@@@@ ServiceName :com.qrpc.api.UserServer-userServer-1.0 ServiceQps :50.0 Service RateLimit:50.0
2021-05-22 14:32:23.037 [main] INFO  Http11NioProtocol - Starting ProtocolHandler ["http-nio-11990"]
2021-05-22 14:32:23.069 [main] INFO  TomcatWebServer - Tomcat started on port(s): 11990 (http) with context path ''
2021-05-22 14:32:23.124 [main] INFO  ServerRPCApplication - Started ServerRPCApplication in 1.845 seconds (JVM running for 2.542)
2021-05-22 14:32:23.195 [Thread-5] WARN  ServerBootstrap - Unknown channel option 'SO_KEEPALIVE' for channel '[id: 0xb59e7fbe]'
2021-05-22 14:32:23.195 [Thread-5] WARN  ServerBootstrap - Unknown channel option 'TCP_NODELAY' for channel '[id: 0xb59e7fbe]'
2021-05-22 14:32:23.197 [Thread-5] WARN  ServerBootstrap - Unknown channel option 'SO_SNDBUF' for channel '[id: 0xb59e7fbe]'
2021-05-22 14:32:23.204 [Thread-5] INFO  TcpServer - Liveme.Rpc NodeServer Launcher Success! ^_^ IP:127.0.0.1 | PORT:8780
2021-05-22 14:32:23.205 [Thread-5] INFO  ServerStarter - ###### 是否注册zookeeper 长连接服务节点 isReg : 【是】
2021-05-22 14:32:23.207 [Thread-5] INFO  ZkHelp - zooKeeperCluster=127.0.0.1:2181
2021-05-22 14:32:23.225 [Thread-5] INFO  ZooKeeper - Client environment:zookeeper.version=3.4.5-1392090, built on 09/30/2012 17:52 GMT
2021-05-22 14:32:23.226 [Thread-5] INFO  ZooKeeper - Client environment:host.name=bogon
2021-05-22 14:32:23.226 [Thread-5] INFO  ZooKeeper - Client environment:java.version=1.8.0_241
2021-05-22 14:32:23.226 [Thread-5] INFO  ZooKeeper - Client environment:java.vendor=Oracle Corporation
2021-05-22 14:32:23.226 [Thread-5] INFO  ZooKeeper - Client environment:java.home=/Library/Java/JavaVirtualMachines/jdk1.8.0_241.jdk/Contents/Home/jre
2021-05-22 14:32:23.226 [Thread-5] INFO  ZooKeeper - Client environment:java.class.path=/Library/Java/JavaVirtualMachines/jdk1.8.0_241.jdk/Contents/Home/jre/lib/charsets.jar:/Library/Java/JavaVirtualMachines/jdk1.8.0_241.jdk/Contents/Home/jre/lib/deploy.jar:/Library/Java/JavaVirtualMachines/jdk1.8.0_241.jdk/Contents/Home/jre/lib/ext/cldrdata.jar:/Library/Java/JavaVirtualMachines/jdk1.8.0_241.jdk/Contents/Home/jre/lib/ext/dnsns.jar:/Library/Java/JavaVirtualMachines/jdk1.8.0_241.jdk/Contents/Home/jre/lib/ext/jaccess.jar:/Library/Java/JavaVirtualMachines/jdk1.8.0_241.jdk/Contents/Home/jre/lib/ext/jfxrt.jar:/Library/Java/JavaVirtualMachines/jdk1.8.0_241.jdk/Contents/Home/jre/lib/ext/localedata.jar:/Library/Java/JavaVirtualMachines/jdk1.8.0_241.jdk/Contents/Home/jre/lib/ext/nashorn.jar:/Library/Java/JavaVirtualMachines/jdk1.8.0_241.jdk/Contents/Home/jre/lib/ext/sunec.jar:/Library/Java/JavaVirtualMachines/jdk1.8.0_241.jdk/Contents/Home/jre/lib/ext/sunjce_provider.jar:/Library/Java/JavaVirtualMachines/jdk1.8.0_241.jdk/Contents/Home/jre/lib/ext/sunpkcs11.jar:/Library/Java/JavaVirtualMachines/jdk1.8.0_241.jdk/Contents/Home/jre/lib/ext/zipfs.jar:/Library/Java/JavaVirtualMachines/jdk1.8.0_241.jdk/Contents/Home/jre/lib/javaws.jar:/Library/Java/JavaVirtualMachines/jdk1.8.0_241.jdk/Contents/Home/jre/lib/jce.jar:/Library/Java/JavaVirtualMachines/jdk1.8.0_241.jdk/Contents/Home/jre/lib/jfr.jar:/Library/Java/JavaVirtualMachines/jdk1.8.0_241.jdk/Contents/Home/jre/lib/jfxswt.jar:/Library/Java/JavaVirtualMachines/jdk1.8.0_241.jdk/Contents/Home/jre/lib/jsse.jar:/Library/Java/JavaVirtualMachines/jdk1.8.0_241.jdk/Contents/Home/jre/lib/management-agent.jar:/Library/Java/JavaVirtualMachines/jdk1.8.0_241.jdk/Contents/Home/jre/lib/plugin.jar:/Library/Java/JavaVirtualMachines/jdk1.8.0_241.jdk/Contents/Home/jre/lib/resources.jar:/Library/Java/JavaVirtualMachines/jdk1.8.0_241.jdk/Contents/Home/jre/lib/rt.jar:/Library/Java/JavaVirtualMachines/jdk1.8.0_241.jdk/Contents/Home/lib/ant-javafx.jar:/Library/Java/JavaVirtualMachines/jdk1.8.0_241.jdk/Contents/Home/lib/dt.jar:/Library/Java/JavaVirtualMachines/jdk1.8.0_241.jdk/Contents/Home/lib/javafx-mx.jar:/Library/Java/JavaVirtualMachines/jdk1.8.0_241.jdk/Contents/Home/lib/jconsole.jar:/Library/Java/JavaVirtualMachines/jdk1.8.0_241.jdk/Contents/Home/lib/packager.jar:/Library/Java/JavaVirtualMachines/jdk1.8.0_241.jdk/Contents/Home/lib/sa-jdi.jar:/Library/Java/JavaVirtualMachines/jdk1.8.0_241.jdk/Contents/Home/lib/tools.jar:/Users/xuliang/Documents/xl-rpc/xl-rpc/test-qsrpc/xl-server/target/classes:/Users/xuliang/Documents/xl-rpc/xl-rpc/test-qsrpc/api-sdk/target/classes:/Users/xuliang/Documents/xl-rpc/xl-rpc/xlrpc-starter/target/classes:/Users/xuliang/Documents/xl-rpc/xl-rpc/XLRPC/target/classes:/Users/xuliang/Documents/xl-rpc-respory/com/google/protobuf/protobuf-java/3.0.0/protobuf-java-3.0.0.jar:/Users/xuliang/Documents/xl-rpc-respory/org/springframework/boot/spring-boot-starter/2.1.3.RELEASE/spring-boot-starter-2.1.3.RELEASE.jar:/Users/xuliang/Documents/xl-rpc-respory/org/springframework/boot/spring-boot/2.1.3.RELEASE/spring-boot-2.1.3.RELEASE.jar:/Users/xuliang/Documents/xl-rpc-respory/org/springframework/spring-context/5.1.5.RELEASE/spring-context-5.1.5.RELEASE.jar:/Users/xuliang/Documents/xl-rpc-respory/org/springframework/boot/spring-boot-autoconfigure/2.1.3.RELEASE/spring-boot-autoconfigure-2.1.3.RELEASE.jar:/Users/xuliang/Documents/xl-rpc-respory/org/springframework/boot/spring-boot-starter-logging/2.1.3.RELEASE/spring-boot-starter-logging-2.1.3.RELEASE.jar:/Users/xuliang/Documents/xl-rpc-respory/org/apache/logging/log4j/log4j-to-slf4j/2.11.2/log4j-to-slf4j-2.11.2.jar:/Users/xuliang/Documents/xl-rpc-respory/org/apache/logging/log4j/log4j-api/2.11.2/log4j-api-2.11.2.jar:/Users/xuliang/Documents/xl-rpc-respory/org/slf4j/jul-to-slf4j/1.7.25/jul-to-slf4j-1.7.25.jar:/Users/xuliang/Documents/xl-rpc-respory/javax/annotation/javax.annotation-api/1.3.2/javax.annotation-api-1.3.2.jar:/Users/xuliang/Documents/xl-rpc-respory/org/springframework/spring-core/5.1.5.RELEASE/spring-core-5.1.5.RELEASE.jar:/Users/xuliang/Documents/xl-rpc-respory/org/springframework/spring-jcl/5.1.5.RELEASE/spring-jcl-5.1.5.RELEASE.jar:/Users/xuliang/Documents/xl-rpc-respory/org/yaml/snakeyaml/1.23/snakeyaml-1.23.jar:/Users/xuliang/Documents/xl-rpc-respory/org/springframework/boot/spring-boot-starter-web/2.1.3.RELEASE/spring-boot-starter-web-2.1.3.RELEASE.jar:/Users/xuliang/Documents/xl-rpc-respory/org/springframework/boot/spring-boot-starter-json/2.1.3.RELEASE/spring-boot-starter-json-2.1.3.RELEASE.jar:/Users/xuliang/Documents/xl-rpc-respory/com/fasterxml/jackson/core/jackson-databind/2.9.8/jackson-databind-2.9.8.jar:/Users/xuliang/Documents/xl-rpc-respory/com/fasterxml/jackson/core/jackson-annotations/2.9.0/jackson-annotations-2.9.0.jar:/Users/xuliang/Documents/xl-rpc-respory/com/fasterxml/jackson/core/jackson-core/2.9.8/jackson-core-2.9.8.jar:/Users/xuliang/Documents/xl-rpc-respory/com/fasterxml/jackson/datatype/jackson-datatype-jdk8/2.9.8/jackson-datatype-jdk8-2.9.8.jar:/Users/xuliang/Documents/xl-rpc-respory/com/fasterxml/jackson/datatype/jackson-datatype-jsr310/2.9.8/jackson-datatype-jsr310-2.9.8.jar:/Users/xuliang/Documents/xl-rpc-respory/com/fasterxml/jackson/module/jackson-module-parameter-names/2.9.8/jackson-module-parameter-names-2.9.8.jar:/Users/xuliang/Documents/xl-rpc-respory/org/springframework/boot/spring-boot-starter-tomcat/2.1.3.RELEASE/spring-boot-starter-tomcat-2.1.3.RELEASE.jar:/Users/xuliang/Documents/xl-rpc-respory/org/apache/tomcat/embed/tomcat-embed-core/9.0.16/tomcat-embed-core-9.0.16.jar:/Users/xuliang/Documents/xl-rpc-respory/org/apache/tomcat/embed/tomcat-embed-el/9.0.16/tomcat-embed-el-9.0.16.jar:/Users/xuliang/Documents/xl-rpc-respory/org/apache/tomcat/embed/tomcat-embed-websocket/9.0.16/tomcat-embed-websocket-9.0.16.jar:/Users/xuliang/Documents/xl-rpc-respory/org/hibernate/validator/hibernate-validator/6.0.14.Final/hibernate-validator-6.0.14.Final.jar:/Users/xuliang/Documents/xl-rpc-respory/javax/validation/validation-api/2.0.1.Final/validation-api-2.0.1.Final.jar:/Users/xuliang/Documents/xl-rpc-respory/org/jboss/logging/jboss-logging/3.3.2.Final/jboss-logging-3.3.2.Final.jar:/Users/xuliang/Documents/xl-rpc-respory/com/fasterxml/classmate/1.4.0/classmate-1.4.0.jar:/Users/xuliang/Documents/xl-rpc-respory/org/springframework/spring-web/5.1.5.RELEASE/spring-web-5.1.5.RELEASE.jar:/Users/xuliang/Documents/xl-rpc-respory/org/springframework/spring-beans/5.1.5.RELEASE/spring-beans-5.1.5.RELEASE.jar:/Users/xuliang/Documents/xl-rpc-respory/org/springframework/spring-webmvc/5.1.5.RELEASE/spring-webmvc-5.1.5.RELEASE.jar:/Users/xuliang/Documents/xl-rpc-respory/org/springframework/spring-aop/5.1.5.RELEASE/spring-aop-5.1.5.RELEASE.jar:/Users/xuliang/Documents/xl-rpc-respory/org/springframework/spring-expression/5.1.5.RELEASE/spring-expression-5.1.5.RELEASE.jar:/Users/xuliang/Documents/xl-rpc-respory/io/netty/netty-all/4.1.54.Final/netty-all-4.1.54.Final.jar:/Users/xuliang/Documents/xl-rpc-respory/ch/qos/logback/logback-classic/1.1.7/logback-classic-1.1.7.jar:/Users/xuliang/Documents/xl-rpc-respory/ch/qos/logback/logback-core/1.1.7/logback-core-1.1.7.jar:/Users/xuliang/Documents/xl-rpc-respory/org/slf4j/slf4j-api/1.7.21/slf4j-api-1.7.21.jar:/Users/xuliang/Documents/xl-rpc-respory/io/protostuff/protostuff-core/1.7.2/protostuff-core-1.7.2.jar:/Users/xuliang/Documents/xl-rpc-respory/io/protostuff/protostuff-api/1.7.2/protostuff-api-1.7.2.jar:/Users/xuliang/Documents/xl-rpc-respory/io/protostuff/protostuff-runtime/1.7.2/protostuff-runtime-1.7.2.jar:/Users/xuliang/Documents/xl-rpc-respory/io/protostuff/protostuff-collectionschema/1.7.2/protostuff-collectionschema-1.7.2.jar:/Users/xuliang/Documents/xl-rpc-respory/org/objenesis/objenesis/2.1/objenesis-2.1.jar:/Users/xuliang/Documents/xl-rpc-respory/com/google/guava/guava/21.0/guava-21.0.jar:/Users/xuliang/Documents/xl-rpc-respory/commons-lang/commons-lang/2.6/commons-lang-2.6.jar:/Users/xuliang/Documents/xl-rpc-respory/org/apache/commons/commons-lang3/3.5/commons-lang3-3.5.jar:/Users/xuliang/Documents/xl-rpc-respory/commons-codec/commons-codec/1.4/commons-codec-1.4.jar:/Users/xuliang/Documents/xl-rpc-respory/commons-fileupload/commons-fileupload/1.2.2/commons-fileupload-1.2.2.jar:/Users/xuliang/Documents/xl-rpc-respory/commons-io/commons-io/2.1/commons-io-2.1.jar:/Users/xuliang/Documents/xl-rpc-respory/commons-collections/commons-collections/3.2.1/commons-collections-3.2.1.jar:/Users/xuliang/Documents/xl-rpc-respory/commons-pool/commons-pool/1.6/commons-pool-1.6.jar:/Users/xuliang/Documents/xl-rpc-respory/org/apache/commons/commons-pool2/2.0/commons-pool2-2.0.jar:/Users/xuliang/Documents/xl-rpc-respory/org/projectlombok/lombok/1.16.18/lombok-1.16.18.jar:/Users/xuliang/Documents/xl-rpc-respory/org/json/json/20090211/json-20090211.jar:/Users/xuliang/Documents/xl-rpc-respory/net/sf/json-lib/json-lib/2.4/json-lib-2.4-jdk15.jar:/Users/xuliang/Documents/xl-rpc-respory/commons-beanutils/commons-beanutils/1.8.0/commons-beanutils-1.8.0.jar:/Users/xuliang/Documents/xl-rpc-respory/net/sf/ezmorph/ezmorph/1.0.6/ezmorph-1.0.6.jar:/Users/xuliang/Documents/xl-rpc-respory/org/codehaus/jackson/jackson-mapper-asl/1.8.5/jackson-mapper-asl-1.8.5.jar:/Users/xuliang/Documents/xl-rpc-respory/org/codehaus/jackson/jackson-core-asl/1.8.5/jackson-core-asl-1.8.5.jar:/Users/xuliang/Documents/xl-rpc-respory/com/alibaba/fastjson/1.2.34/fastjson-1.2.34.jar:/Users/xuliang/Documents/xl-rpc-respory/org/xerial/snappy/snappy-java/1.1.8.1/snappy-java-1.1.8.1.jar:/Users/xuliang/Documents/xl-rpc-respory/com/github/adyliu/zkclient/2.0/zkclient-2.0.jar:/Users/xuliang/Documents/xl-rpc-respory/org/apache/zookeeper/zookeeper/3.4.5/zookeeper-3.4.5.jar:/Users/xuliang/Documents/xl-rpc-respory/org/slf4j/slf4j-log4j12/1.7.25/slf4j-log4j12-1.7.25.jar:/Users/xuliang/Documents/xl-rpc-respory/log4j/log4j/1.2.16/log4j-1.2.16.jar:/Applications/IntelliJ IDEA.app/Contents/lib/idea_rt.jar:/Users/xuliang/Library/Caches/JetBrains/IntelliJIdea2020.1/captureAgent/debugger-agent.jar
2021-05-22 14:32:23.226 [Thread-5] INFO  ZooKeeper - Client environment:java.library.path=/Users/xuliang/Library/Java/Extensions:/Library/Java/Extensions:/Network/Library/Java/Extensions:/System/Library/Java/Extensions:/usr/lib/java:.
2021-05-22 14:32:23.226 [Thread-5] INFO  ZooKeeper - Client environment:java.io.tmpdir=/var/folders/r0/_357tnqs73v66q9b2nqddsbc0000gn/T/
2021-05-22 14:32:23.226 [Thread-5] INFO  ZooKeeper - Client environment:java.compiler=<NA>
2021-05-22 14:32:23.226 [Thread-5] INFO  ZooKeeper - Client environment:os.name=Mac OS X
2021-05-22 14:32:23.226 [Thread-5] INFO  ZooKeeper - Client environment:os.arch=x86_64
2021-05-22 14:32:23.226 [Thread-5] INFO  ZooKeeper - Client environment:os.version=10.13.6
2021-05-22 14:32:23.226 [Thread-5] INFO  ZooKeeper - Client environment:user.name=xuliang
2021-05-22 14:32:23.226 [Thread-5] INFO  ZooKeeper - Client environment:user.home=/Users/xuliang
2021-05-22 14:32:23.226 [Thread-5] INFO  ZooKeeper - Client environment:user.dir=/Users/xuliang/Documents/xl-rpc/xl-rpc
2021-05-22 14:32:23.226 [Thread-5] INFO  ZooKeeper - Initiating client connection, connectString=127.0.0.1:2181 sessionTimeout=60000 watcher=com.github.zkclient.ZkClient@12bb9ca7
2021-05-22 14:32:23.233 [Thread-5-SendThread(localhost:2181)] INFO  ClientCnxn - Opening socket connection to server localhost/127.0.0.1:2181. Will not attempt to authenticate using SASL (unknown error)
2021-05-22 14:32:23.238 [Thread-5-SendThread(localhost:2181)] INFO  ClientCnxn - Socket connection established to localhost/127.0.0.1:2181, initiating session
2021-05-22 14:32:23.244 [Thread-5-SendThread(localhost:2181)] INFO  ClientCnxn - Session establishment complete on server localhost/127.0.0.1:2181, sessionid = 0x10010eb60670005, negotiated timeout = 40000
2021-05-22 14:32:23.246 [Thread-5] INFO  ZkHelp - environmentFlag=/xl-rpc/dev
2021-05-22 14:32:33.665 [Thread-7] INFO  ThreadPoolTaskExecutor - Shutting down ExecutorService 'applicationTaskExecutor'
2021-05-22 14:33:02.491 [main] INFO  ServerRPCApplication - Starting ServerRPCApplication on bogon with PID 26121 (/Users/xuliang/Documents/xl-rpc/xl-rpc/test-qsrpc/xl-server/target/classes started by xuliang in /Users/xuliang/Documents/xl-rpc/xl-rpc)
2021-05-22 14:33:02.494 [main] INFO  ServerRPCApplication - No active profile set, falling back to default profiles: default
2021-05-22 14:33:03.431 [main] INFO  TomcatWebServer - Tomcat initialized with port(s): 11990 (http)
2021-05-22 14:33:03.443 [main] INFO  Http11NioProtocol - Initializing ProtocolHandler ["http-nio-11990"]
2021-05-22 14:33:03.450 [main] INFO  StandardService - Starting service [Tomcat]
2021-05-22 14:33:03.450 [main] INFO  StandardEngine - Starting Servlet engine: [Apache Tomcat/9.0.16]
2021-05-22 14:33:03.456 [main] INFO  AprLifecycleListener - The APR based Apache Tomcat Native library which allows optimal performance in production environments was not found on the java.library.path: [/Users/xuliang/Library/Java/Extensions:/Library/Java/Extensions:/Network/Library/Java/Extensions:/System/Library/Java/Extensions:/usr/lib/java:.]
2021-05-22 14:33:03.530 [main] INFO  [/] - Initializing Spring embedded WebApplicationContext
2021-05-22 14:33:03.530 [main] INFO  ContextLoader - Root WebApplicationContext: initialization completed in 984 ms
2021-05-22 14:33:03.698 [main] INFO  ThreadPoolTaskExecutor - Initializing ExecutorService 'applicationTaskExecutor'
2021-05-22 14:33:03.889 [main] INFO  ServiceListener - XLRPC节点服务已启动^_^:[com.qrpc.api.OrderServer-orderServer-1.0, com.qrpc.api.ApiServer-apiServer-1.0, com.qrpc.api.UserServer-userServer-1.0]
2021-05-22 14:33:03.890 [pool-1-thread-1] INFO  ServiceListener - @@@@@@ ServiceName :com.qrpc.api.OrderServer-orderServer-1.0 ServiceQps :50.0 Service RateLimit:50.0
2021-05-22 14:33:03.891 [pool-1-thread-1] INFO  ServiceListener - @@@@@@ ServiceName :com.qrpc.api.ApiServer-apiServer-1.0 ServiceQps :50.0 Service RateLimit:50.0
2021-05-22 14:33:03.891 [pool-1-thread-1] INFO  ServiceListener - @@@@@@ ServiceName :com.qrpc.api.UserServer-userServer-1.0 ServiceQps :50.0 Service RateLimit:50.0
2021-05-22 14:33:03.891 [main] INFO  Http11NioProtocol - Starting ProtocolHandler ["http-nio-11990"]
2021-05-22 14:33:03.924 [main] INFO  TomcatWebServer - Tomcat started on port(s): 11990 (http) with context path ''
2021-05-22 14:33:04.005 [main] INFO  ServerRPCApplication - Started ServerRPCApplication in 1.775 seconds (JVM running for 2.521)
2021-05-22 14:33:04.081 [Thread-5] WARN  ServerBootstrap - Unknown channel option 'SO_KEEPALIVE' for channel '[id: 0x268cef23]'
2021-05-22 14:33:04.081 [Thread-5] WARN  ServerBootstrap - Unknown channel option 'TCP_NODELAY' for channel '[id: 0x268cef23]'
2021-05-22 14:33:04.083 [Thread-5] WARN  ServerBootstrap - Unknown channel option 'SO_SNDBUF' for channel '[id: 0x268cef23]'
2021-05-22 14:33:04.091 [Thread-5] INFO  TcpServer - Liveme.Rpc NodeServer Launcher Success! ^_^ IP:127.0.0.1 | PORT:8780
2021-05-22 14:33:04.091 [Thread-5] INFO  ServerStarter - ###### 是否注册zookeeper 长连接服务节点 isReg : 【是】
2021-05-22 14:33:04.093 [Thread-5] INFO  ZkHelp - zooKeeperCluster=127.0.0.1:2181
2021-05-22 14:33:04.113 [Thread-5] INFO  ZooKeeper - Client environment:zookeeper.version=3.4.5-1392090, built on 09/30/2012 17:52 GMT
2021-05-22 14:33:04.113 [Thread-5] INFO  ZooKeeper - Client environment:host.name=bogon
2021-05-22 14:33:04.113 [Thread-5] INFO  ZooKeeper - Client environment:java.version=1.8.0_241
2021-05-22 14:33:04.113 [Thread-5] INFO  ZooKeeper - Client environment:java.vendor=Oracle Corporation
2021-05-22 14:33:04.113 [Thread-5] INFO  ZooKeeper - Client environment:java.home=/Library/Java/JavaVirtualMachines/jdk1.8.0_241.jdk/Contents/Home/jre
2021-05-22 14:33:04.113 [Thread-5] INFO  ZooKeeper - Client environment:java.class.path=/Library/Java/JavaVirtualMachines/jdk1.8.0_241.jdk/Contents/Home/jre/lib/charsets.jar:/Library/Java/JavaVirtualMachines/jdk1.8.0_241.jdk/Contents/Home/jre/lib/deploy.jar:/Library/Java/JavaVirtualMachines/jdk1.8.0_241.jdk/Contents/Home/jre/lib/ext/cldrdata.jar:/Library/Java/JavaVirtualMachines/jdk1.8.0_241.jdk/Contents/Home/jre/lib/ext/dnsns.jar:/Library/Java/JavaVirtualMachines/jdk1.8.0_241.jdk/Contents/Home/jre/lib/ext/jaccess.jar:/Library/Java/JavaVirtualMachines/jdk1.8.0_241.jdk/Contents/Home/jre/lib/ext/jfxrt.jar:/Library/Java/JavaVirtualMachines/jdk1.8.0_241.jdk/Contents/Home/jre/lib/ext/localedata.jar:/Library/Java/JavaVirtualMachines/jdk1.8.0_241.jdk/Contents/Home/jre/lib/ext/nashorn.jar:/Library/Java/JavaVirtualMachines/jdk1.8.0_241.jdk/Contents/Home/jre/lib/ext/sunec.jar:/Library/Java/JavaVirtualMachines/jdk1.8.0_241.jdk/Contents/Home/jre/lib/ext/sunjce_provider.jar:/Library/Java/JavaVirtualMachines/jdk1.8.0_241.jdk/Contents/Home/jre/lib/ext/sunpkcs11.jar:/Library/Java/JavaVirtualMachines/jdk1.8.0_241.jdk/Contents/Home/jre/lib/ext/zipfs.jar:/Library/Java/JavaVirtualMachines/jdk1.8.0_241.jdk/Contents/Home/jre/lib/javaws.jar:/Library/Java/JavaVirtualMachines/jdk1.8.0_241.jdk/Contents/Home/jre/lib/jce.jar:/Library/Java/JavaVirtualMachines/jdk1.8.0_241.jdk/Contents/Home/jre/lib/jfr.jar:/Library/Java/JavaVirtualMachines/jdk1.8.0_241.jdk/Contents/Home/jre/lib/jfxswt.jar:/Library/Java/JavaVirtualMachines/jdk1.8.0_241.jdk/Contents/Home/jre/lib/jsse.jar:/Library/Java/JavaVirtualMachines/jdk1.8.0_241.jdk/Contents/Home/jre/lib/management-agent.jar:/Library/Java/JavaVirtualMachines/jdk1.8.0_241.jdk/Contents/Home/jre/lib/plugin.jar:/Library/Java/JavaVirtualMachines/jdk1.8.0_241.jdk/Contents/Home/jre/lib/resources.jar:/Library/Java/JavaVirtualMachines/jdk1.8.0_241.jdk/Contents/Home/jre/lib/rt.jar:/Library/Java/JavaVirtualMachines/jdk1.8.0_241.jdk/Contents/Home/lib/ant-javafx.jar:/Library/Java/JavaVirtualMachines/jdk1.8.0_241.jdk/Contents/Home/lib/dt.jar:/Library/Java/JavaVirtualMachines/jdk1.8.0_241.jdk/Contents/Home/lib/javafx-mx.jar:/Library/Java/JavaVirtualMachines/jdk1.8.0_241.jdk/Contents/Home/lib/jconsole.jar:/Library/Java/JavaVirtualMachines/jdk1.8.0_241.jdk/Contents/Home/lib/packager.jar:/Library/Java/JavaVirtualMachines/jdk1.8.0_241.jdk/Contents/Home/lib/sa-jdi.jar:/Library/Java/JavaVirtualMachines/jdk1.8.0_241.jdk/Contents/Home/lib/tools.jar:/Users/xuliang/Documents/xl-rpc/xl-rpc/test-qsrpc/xl-server/target/classes:/Users/xuliang/Documents/xl-rpc/xl-rpc/test-qsrpc/api-sdk/target/classes:/Users/xuliang/Documents/xl-rpc/xl-rpc/xlrpc-starter/target/classes:/Users/xuliang/Documents/xl-rpc/xl-rpc/XLRPC/target/classes:/Users/xuliang/Documents/xl-rpc-respory/com/google/protobuf/protobuf-java/3.0.0/protobuf-java-3.0.0.jar:/Users/xuliang/Documents/xl-rpc-respory/org/springframework/boot/spring-boot-starter/2.1.3.RELEASE/spring-boot-starter-2.1.3.RELEASE.jar:/Users/xuliang/Documents/xl-rpc-respory/org/springframework/boot/spring-boot/2.1.3.RELEASE/spring-boot-2.1.3.RELEASE.jar:/Users/xuliang/Documents/xl-rpc-respory/org/springframework/spring-context/5.1.5.RELEASE/spring-context-5.1.5.RELEASE.jar:/Users/xuliang/Documents/xl-rpc-respory/org/springframework/boot/spring-boot-autoconfigure/2.1.3.RELEASE/spring-boot-autoconfigure-2.1.3.RELEASE.jar:/Users/xuliang/Documents/xl-rpc-respory/org/springframework/boot/spring-boot-starter-logging/2.1.3.RELEASE/spring-boot-starter-logging-2.1.3.RELEASE.jar:/Users/xuliang/Documents/xl-rpc-respory/org/apache/logging/log4j/log4j-to-slf4j/2.11.2/log4j-to-slf4j-2.11.2.jar:/Users/xuliang/Documents/xl-rpc-respory/org/apache/logging/log4j/log4j-api/2.11.2/log4j-api-2.11.2.jar:/Users/xuliang/Documents/xl-rpc-respory/org/slf4j/jul-to-slf4j/1.7.25/jul-to-slf4j-1.7.25.jar:/Users/xuliang/Documents/xl-rpc-respory/javax/annotation/javax.annotation-api/1.3.2/javax.annotation-api-1.3.2.jar:/Users/xuliang/Documents/xl-rpc-respory/org/springframework/spring-core/5.1.5.RELEASE/spring-core-5.1.5.RELEASE.jar:/Users/xuliang/Documents/xl-rpc-respory/org/springframework/spring-jcl/5.1.5.RELEASE/spring-jcl-5.1.5.RELEASE.jar:/Users/xuliang/Documents/xl-rpc-respory/org/yaml/snakeyaml/1.23/snakeyaml-1.23.jar:/Users/xuliang/Documents/xl-rpc-respory/org/springframework/boot/spring-boot-starter-web/2.1.3.RELEASE/spring-boot-starter-web-2.1.3.RELEASE.jar:/Users/xuliang/Documents/xl-rpc-respory/org/springframework/boot/spring-boot-starter-json/2.1.3.RELEASE/spring-boot-starter-json-2.1.3.RELEASE.jar:/Users/xuliang/Documents/xl-rpc-respory/com/fasterxml/jackson/core/jackson-databind/2.9.8/jackson-databind-2.9.8.jar:/Users/xuliang/Documents/xl-rpc-respory/com/fasterxml/jackson/core/jackson-annotations/2.9.0/jackson-annotations-2.9.0.jar:/Users/xuliang/Documents/xl-rpc-respory/com/fasterxml/jackson/core/jackson-core/2.9.8/jackson-core-2.9.8.jar:/Users/xuliang/Documents/xl-rpc-respory/com/fasterxml/jackson/datatype/jackson-datatype-jdk8/2.9.8/jackson-datatype-jdk8-2.9.8.jar:/Users/xuliang/Documents/xl-rpc-respory/com/fasterxml/jackson/datatype/jackson-datatype-jsr310/2.9.8/jackson-datatype-jsr310-2.9.8.jar:/Users/xuliang/Documents/xl-rpc-respory/com/fasterxml/jackson/module/jackson-module-parameter-names/2.9.8/jackson-module-parameter-names-2.9.8.jar:/Users/xuliang/Documents/xl-rpc-respory/org/springframework/boot/spring-boot-starter-tomcat/2.1.3.RELEASE/spring-boot-starter-tomcat-2.1.3.RELEASE.jar:/Users/xuliang/Documents/xl-rpc-respory/org/apache/tomcat/embed/tomcat-embed-core/9.0.16/tomcat-embed-core-9.0.16.jar:/Users/xuliang/Documents/xl-rpc-respory/org/apache/tomcat/embed/tomcat-embed-el/9.0.16/tomcat-embed-el-9.0.16.jar:/Users/xuliang/Documents/xl-rpc-respory/org/apache/tomcat/embed/tomcat-embed-websocket/9.0.16/tomcat-embed-websocket-9.0.16.jar:/Users/xuliang/Documents/xl-rpc-respory/org/hibernate/validator/hibernate-validator/6.0.14.Final/hibernate-validator-6.0.14.Final.jar:/Users/xuliang/Documents/xl-rpc-respory/javax/validation/validation-api/2.0.1.Final/validation-api-2.0.1.Final.jar:/Users/xuliang/Documents/xl-rpc-respory/org/jboss/logging/jboss-logging/3.3.2.Final/jboss-logging-3.3.2.Final.jar:/Users/xuliang/Documents/xl-rpc-respory/com/fasterxml/classmate/1.4.0/classmate-1.4.0.jar:/Users/xuliang/Documents/xl-rpc-respory/org/springframework/spring-web/5.1.5.RELEASE/spring-web-5.1.5.RELEASE.jar:/Users/xuliang/Documents/xl-rpc-respory/org/springframework/spring-beans/5.1.5.RELEASE/spring-beans-5.1.5.RELEASE.jar:/Users/xuliang/Documents/xl-rpc-respory/org/springframework/spring-webmvc/5.1.5.RELEASE/spring-webmvc-5.1.5.RELEASE.jar:/Users/xuliang/Documents/xl-rpc-respory/org/springframework/spring-aop/5.1.5.RELEASE/spring-aop-5.1.5.RELEASE.jar:/Users/xuliang/Documents/xl-rpc-respory/org/springframework/spring-expression/5.1.5.RELEASE/spring-expression-5.1.5.RELEASE.jar:/Users/xuliang/Documents/xl-rpc-respory/io/netty/netty-all/4.1.54.Final/netty-all-4.1.54.Final.jar:/Users/xuliang/Documents/xl-rpc-respory/ch/qos/logback/logback-classic/1.1.7/logback-classic-1.1.7.jar:/Users/xuliang/Documents/xl-rpc-respory/ch/qos/logback/logback-core/1.1.7/logback-core-1.1.7.jar:/Users/xuliang/Documents/xl-rpc-respory/org/slf4j/slf4j-api/1.7.21/slf4j-api-1.7.21.jar:/Users/xuliang/Documents/xl-rpc-respory/io/protostuff/protostuff-core/1.7.2/protostuff-core-1.7.2.jar:/Users/xuliang/Documents/xl-rpc-respory/io/protostuff/protostuff-api/1.7.2/protostuff-api-1.7.2.jar:/Users/xuliang/Documents/xl-rpc-respory/io/protostuff/protostuff-runtime/1.7.2/protostuff-runtime-1.7.2.jar:/Users/xuliang/Documents/xl-rpc-respory/io/protostuff/protostuff-collectionschema/1.7.2/protostuff-collectionschema-1.7.2.jar:/Users/xuliang/Documents/xl-rpc-respory/org/objenesis/objenesis/2.1/objenesis-2.1.jar:/Users/xuliang/Documents/xl-rpc-respory/com/google/guava/guava/21.0/guava-21.0.jar:/Users/xuliang/Documents/xl-rpc-respory/commons-lang/commons-lang/2.6/commons-lang-2.6.jar:/Users/xuliang/Documents/xl-rpc-respory/org/apache/commons/commons-lang3/3.5/commons-lang3-3.5.jar:/Users/xuliang/Documents/xl-rpc-respory/commons-codec/commons-codec/1.4/commons-codec-1.4.jar:/Users/xuliang/Documents/xl-rpc-respory/commons-fileupload/commons-fileupload/1.2.2/commons-fileupload-1.2.2.jar:/Users/xuliang/Documents/xl-rpc-respory/commons-io/commons-io/2.1/commons-io-2.1.jar:/Users/xuliang/Documents/xl-rpc-respory/commons-collections/commons-collections/3.2.1/commons-collections-3.2.1.jar:/Users/xuliang/Documents/xl-rpc-respory/commons-pool/commons-pool/1.6/commons-pool-1.6.jar:/Users/xuliang/Documents/xl-rpc-respory/org/apache/commons/commons-pool2/2.0/commons-pool2-2.0.jar:/Users/xuliang/Documents/xl-rpc-respory/org/projectlombok/lombok/1.16.18/lombok-1.16.18.jar:/Users/xuliang/Documents/xl-rpc-respory/org/json/json/20090211/json-20090211.jar:/Users/xuliang/Documents/xl-rpc-respory/net/sf/json-lib/json-lib/2.4/json-lib-2.4-jdk15.jar:/Users/xuliang/Documents/xl-rpc-respory/commons-beanutils/commons-beanutils/1.8.0/commons-beanutils-1.8.0.jar:/Users/xuliang/Documents/xl-rpc-respory/net/sf/ezmorph/ezmorph/1.0.6/ezmorph-1.0.6.jar:/Users/xuliang/Documents/xl-rpc-respory/org/codehaus/jackson/jackson-mapper-asl/1.8.5/jackson-mapper-asl-1.8.5.jar:/Users/xuliang/Documents/xl-rpc-respory/org/codehaus/jackson/jackson-core-asl/1.8.5/jackson-core-asl-1.8.5.jar:/Users/xuliang/Documents/xl-rpc-respory/com/alibaba/fastjson/1.2.34/fastjson-1.2.34.jar:/Users/xuliang/Documents/xl-rpc-respory/org/xerial/snappy/snappy-java/1.1.8.1/snappy-java-1.1.8.1.jar:/Users/xuliang/Documents/xl-rpc-respory/com/github/adyliu/zkclient/2.0/zkclient-2.0.jar:/Users/xuliang/Documents/xl-rpc-respory/org/apache/zookeeper/zookeeper/3.4.5/zookeeper-3.4.5.jar:/Users/xuliang/Documents/xl-rpc-respory/org/slf4j/slf4j-log4j12/1.7.25/slf4j-log4j12-1.7.25.jar:/Users/xuliang/Documents/xl-rpc-respory/log4j/log4j/1.2.16/log4j-1.2.16.jar:/Applications/IntelliJ IDEA.app/Contents/lib/idea_rt.jar:/Users/xuliang/Library/Caches/JetBrains/IntelliJIdea2020.1/captureAgent/debugger-agent.jar
2021-05-22 14:33:04.114 [Thread-5] INFO  ZooKeeper - Client environment:java.library.path=/Users/xuliang/Library/Java/Extensions:/Library/Java/Extensions:/Network/Library/Java/Extensions:/System/Library/Java/Extensions:/usr/lib/java:.
2021-05-22 14:33:04.114 [Thread-5] INFO  ZooKeeper - Client environment:java.io.tmpdir=/var/folders/r0/_357tnqs73v66q9b2nqddsbc0000gn/T/
2021-05-22 14:33:04.114 [Thread-5] INFO  ZooKeeper - Client environment:java.compiler=<NA>
2021-05-22 14:33:04.114 [Thread-5] INFO  ZooKeeper - Client environment:os.name=Mac OS X
2021-05-22 14:33:04.114 [Thread-5] INFO  ZooKeeper - Client environment:os.arch=x86_64
2021-05-22 14:33:04.114 [Thread-5] INFO  ZooKeeper - Client environment:os.version=10.13.6
2021-05-22 14:33:04.114 [Thread-5] INFO  ZooKeeper - Client environment:user.name=xuliang
2021-05-22 14:33:04.114 [Thread-5] INFO  ZooKeeper - Client environment:user.home=/Users/xuliang
2021-05-22 14:33:04.114 [Thread-5] INFO  ZooKeeper - Client environment:user.dir=/Users/xuliang/Documents/xl-rpc/xl-rpc
2021-05-22 14:33:04.114 [Thread-5] INFO  ZooKeeper - Initiating client connection, connectString=127.0.0.1:2181 sessionTimeout=60000 watcher=com.github.zkclient.ZkClient@5a34bd03
2021-05-22 14:33:04.120 [Thread-5-SendThread(localhost:2181)] INFO  ClientCnxn - Opening socket connection to server localhost/127.0.0.1:2181. Will not attempt to authenticate using SASL (unknown error)
2021-05-22 14:33:04.125 [Thread-5-SendThread(localhost:2181)] INFO  ClientCnxn - Socket connection established to localhost/127.0.0.1:2181, initiating session
2021-05-22 14:33:04.131 [Thread-5-SendThread(localhost:2181)] INFO  ClientCnxn - Session establishment complete on server localhost/127.0.0.1:2181, sessionid = 0x10010eb60670006, negotiated timeout = 40000
2021-05-22 14:33:04.133 [Thread-5] INFO  ZkHelp - environmentFlag=/dev/xl-rpc
2021-05-22 14:33:07.004 [Thread-7] INFO  ThreadPoolTaskExecutor - Shutting down ExecutorService 'applicationTaskExecutor'
2021-05-22 14:33:31.074 [main] INFO  ServerRPCApplication - Starting ServerRPCApplication on bogon with PID 26129 (/Users/xuliang/Documents/xl-rpc/xl-rpc/test-qsrpc/xl-server/target/classes started by xuliang in /Users/xuliang/Documents/xl-rpc/xl-rpc)
2021-05-22 14:33:31.078 [main] INFO  ServerRPCApplication - No active profile set, falling back to default profiles: default
2021-05-22 14:33:31.962 [main] INFO  TomcatWebServer - Tomcat initialized with port(s): 11990 (http)
2021-05-22 14:33:31.974 [main] INFO  Http11NioProtocol - Initializing ProtocolHandler ["http-nio-11990"]
2021-05-22 14:33:31.982 [main] INFO  StandardService - Starting service [Tomcat]
2021-05-22 14:33:31.983 [main] INFO  StandardEngine - Starting Servlet engine: [Apache Tomcat/9.0.16]
2021-05-22 14:33:31.989 [main] INFO  AprLifecycleListener - The APR based Apache Tomcat Native library which allows optimal performance in production environments was not found on the java.library.path: [/Users/xuliang/Library/Java/Extensions:/Library/Java/Extensions:/Network/Library/Java/Extensions:/System/Library/Java/Extensions:/usr/lib/java:.]
2021-05-22 14:33:32.063 [main] INFO  [/] - Initializing Spring embedded WebApplicationContext
2021-05-22 14:33:32.063 [main] INFO  ContextLoader - Root WebApplicationContext: initialization completed in 929 ms
2021-05-22 14:33:32.258 [main] INFO  ThreadPoolTaskExecutor - Initializing ExecutorService 'applicationTaskExecutor'
2021-05-22 14:33:32.450 [main] INFO  ServiceListener - XLRPC节点服务已启动^_^:[com.qrpc.api.OrderServer-orderServer-1.0, com.qrpc.api.ApiServer-apiServer-1.0, com.qrpc.api.UserServer-userServer-1.0]
2021-05-22 14:33:32.451 [pool-1-thread-1] INFO  ServiceListener - @@@@@@ ServiceName :com.qrpc.api.OrderServer-orderServer-1.0 ServiceQps :50.0 Service RateLimit:50.0
2021-05-22 14:33:32.452 [pool-1-thread-1] INFO  ServiceListener - @@@@@@ ServiceName :com.qrpc.api.ApiServer-apiServer-1.0 ServiceQps :50.0 Service RateLimit:50.0
2021-05-22 14:33:32.452 [pool-1-thread-1] INFO  ServiceListener - @@@@@@ ServiceName :com.qrpc.api.UserServer-userServer-1.0 ServiceQps :50.0 Service RateLimit:50.0
2021-05-22 14:33:32.453 [main] INFO  Http11NioProtocol - Starting ProtocolHandler ["http-nio-11990"]
2021-05-22 14:33:32.487 [main] INFO  TomcatWebServer - Tomcat started on port(s): 11990 (http) with context path ''
2021-05-22 14:33:32.535 [main] INFO  ServerRPCApplication - Started ServerRPCApplication in 1.795 seconds (JVM running for 2.542)
2021-05-22 14:33:32.612 [Thread-5] WARN  ServerBootstrap - Unknown channel option 'SO_KEEPALIVE' for channel '[id: 0xc72ecc13]'
2021-05-22 14:33:32.613 [Thread-5] WARN  ServerBootstrap - Unknown channel option 'TCP_NODELAY' for channel '[id: 0xc72ecc13]'
2021-05-22 14:33:32.614 [Thread-5] WARN  ServerBootstrap - Unknown channel option 'SO_SNDBUF' for channel '[id: 0xc72ecc13]'
2021-05-22 14:33:32.622 [Thread-5] INFO  TcpServer - Liveme.Rpc NodeServer Launcher Success! ^_^ IP:127.0.0.1 | PORT:8780
2021-05-22 14:33:32.622 [Thread-5] INFO  ServerStarter - ###### 是否注册zookeeper 长连接服务节点 isReg : 【是】
2021-05-22 14:33:32.624 [Thread-5] INFO  ZkHelp - zooKeeperCluster=127.0.0.1:2181
2021-05-22 14:33:32.643 [Thread-5] INFO  ZooKeeper - Client environment:zookeeper.version=3.4.5-1392090, built on 09/30/2012 17:52 GMT
2021-05-22 14:33:32.644 [Thread-5] INFO  ZooKeeper - Client environment:host.name=bogon
2021-05-22 14:33:32.644 [Thread-5] INFO  ZooKeeper - Client environment:java.version=1.8.0_241
2021-05-22 14:33:32.644 [Thread-5] INFO  ZooKeeper - Client environment:java.vendor=Oracle Corporation
2021-05-22 14:33:32.644 [Thread-5] INFO  ZooKeeper - Client environment:java.home=/Library/Java/JavaVirtualMachines/jdk1.8.0_241.jdk/Contents/Home/jre
2021-05-22 14:33:32.644 [Thread-5] INFO  ZooKeeper - Client environment:java.class.path=/Library/Java/JavaVirtualMachines/jdk1.8.0_241.jdk/Contents/Home/jre/lib/charsets.jar:/Library/Java/JavaVirtualMachines/jdk1.8.0_241.jdk/Contents/Home/jre/lib/deploy.jar:/Library/Java/JavaVirtualMachines/jdk1.8.0_241.jdk/Contents/Home/jre/lib/ext/cldrdata.jar:/Library/Java/JavaVirtualMachines/jdk1.8.0_241.jdk/Contents/Home/jre/lib/ext/dnsns.jar:/Library/Java/JavaVirtualMachines/jdk1.8.0_241.jdk/Contents/Home/jre/lib/ext/jaccess.jar:/Library/Java/JavaVirtualMachines/jdk1.8.0_241.jdk/Contents/Home/jre/lib/ext/jfxrt.jar:/Library/Java/JavaVirtualMachines/jdk1.8.0_241.jdk/Contents/Home/jre/lib/ext/localedata.jar:/Library/Java/JavaVirtualMachines/jdk1.8.0_241.jdk/Contents/Home/jre/lib/ext/nashorn.jar:/Library/Java/JavaVirtualMachines/jdk1.8.0_241.jdk/Contents/Home/jre/lib/ext/sunec.jar:/Library/Java/JavaVirtualMachines/jdk1.8.0_241.jdk/Contents/Home/jre/lib/ext/sunjce_provider.jar:/Library/Java/JavaVirtualMachines/jdk1.8.0_241.jdk/Contents/Home/jre/lib/ext/sunpkcs11.jar:/Library/Java/JavaVirtualMachines/jdk1.8.0_241.jdk/Contents/Home/jre/lib/ext/zipfs.jar:/Library/Java/JavaVirtualMachines/jdk1.8.0_241.jdk/Contents/Home/jre/lib/javaws.jar:/Library/Java/JavaVirtualMachines/jdk1.8.0_241.jdk/Contents/Home/jre/lib/jce.jar:/Library/Java/JavaVirtualMachines/jdk1.8.0_241.jdk/Contents/Home/jre/lib/jfr.jar:/Library/Java/JavaVirtualMachines/jdk1.8.0_241.jdk/Contents/Home/jre/lib/jfxswt.jar:/Library/Java/JavaVirtualMachines/jdk1.8.0_241.jdk/Contents/Home/jre/lib/jsse.jar:/Library/Java/JavaVirtualMachines/jdk1.8.0_241.jdk/Contents/Home/jre/lib/management-agent.jar:/Library/Java/JavaVirtualMachines/jdk1.8.0_241.jdk/Contents/Home/jre/lib/plugin.jar:/Library/Java/JavaVirtualMachines/jdk1.8.0_241.jdk/Contents/Home/jre/lib/resources.jar:/Library/Java/JavaVirtualMachines/jdk1.8.0_241.jdk/Contents/Home/jre/lib/rt.jar:/Library/Java/JavaVirtualMachines/jdk1.8.0_241.jdk/Contents/Home/lib/ant-javafx.jar:/Library/Java/JavaVirtualMachines/jdk1.8.0_241.jdk/Contents/Home/lib/dt.jar:/Library/Java/JavaVirtualMachines/jdk1.8.0_241.jdk/Contents/Home/lib/javafx-mx.jar:/Library/Java/JavaVirtualMachines/jdk1.8.0_241.jdk/Contents/Home/lib/jconsole.jar:/Library/Java/JavaVirtualMachines/jdk1.8.0_241.jdk/Contents/Home/lib/packager.jar:/Library/Java/JavaVirtualMachines/jdk1.8.0_241.jdk/Contents/Home/lib/sa-jdi.jar:/Library/Java/JavaVirtualMachines/jdk1.8.0_241.jdk/Contents/Home/lib/tools.jar:/Users/xuliang/Documents/xl-rpc/xl-rpc/test-qsrpc/xl-server/target/classes:/Users/xuliang/Documents/xl-rpc/xl-rpc/test-qsrpc/api-sdk/target/classes:/Users/xuliang/Documents/xl-rpc/xl-rpc/xlrpc-starter/target/classes:/Users/xuliang/Documents/xl-rpc/xl-rpc/XLRPC/target/classes:/Users/xuliang/Documents/xl-rpc-respory/com/google/protobuf/protobuf-java/3.0.0/protobuf-java-3.0.0.jar:/Users/xuliang/Documents/xl-rpc-respory/org/springframework/boot/spring-boot-starter/2.1.3.RELEASE/spring-boot-starter-2.1.3.RELEASE.jar:/Users/xuliang/Documents/xl-rpc-respory/org/springframework/boot/spring-boot/2.1.3.RELEASE/spring-boot-2.1.3.RELEASE.jar:/Users/xuliang/Documents/xl-rpc-respory/org/springframework/spring-context/5.1.5.RELEASE/spring-context-5.1.5.RELEASE.jar:/Users/xuliang/Documents/xl-rpc-respory/org/springframework/boot/spring-boot-autoconfigure/2.1.3.RELEASE/spring-boot-autoconfigure-2.1.3.RELEASE.jar:/Users/xuliang/Documents/xl-rpc-respory/org/springframework/boot/spring-boot-starter-logging/2.1.3.RELEASE/spring-boot-starter-logging-2.1.3.RELEASE.jar:/Users/xuliang/Documents/xl-rpc-respory/org/apache/logging/log4j/log4j-to-slf4j/2.11.2/log4j-to-slf4j-2.11.2.jar:/Users/xuliang/Documents/xl-rpc-respory/org/apache/logging/log4j/log4j-api/2.11.2/log4j-api-2.11.2.jar:/Users/xuliang/Documents/xl-rpc-respory/org/slf4j/jul-to-slf4j/1.7.25/jul-to-slf4j-1.7.25.jar:/Users/xuliang/Documents/xl-rpc-respory/javax/annotation/javax.annotation-api/1.3.2/javax.annotation-api-1.3.2.jar:/Users/xuliang/Documents/xl-rpc-respory/org/springframework/spring-core/5.1.5.RELEASE/spring-core-5.1.5.RELEASE.jar:/Users/xuliang/Documents/xl-rpc-respory/org/springframework/spring-jcl/5.1.5.RELEASE/spring-jcl-5.1.5.RELEASE.jar:/Users/xuliang/Documents/xl-rpc-respory/org/yaml/snakeyaml/1.23/snakeyaml-1.23.jar:/Users/xuliang/Documents/xl-rpc-respory/org/springframework/boot/spring-boot-starter-web/2.1.3.RELEASE/spring-boot-starter-web-2.1.3.RELEASE.jar:/Users/xuliang/Documents/xl-rpc-respory/org/springframework/boot/spring-boot-starter-json/2.1.3.RELEASE/spring-boot-starter-json-2.1.3.RELEASE.jar:/Users/xuliang/Documents/xl-rpc-respory/com/fasterxml/jackson/core/jackson-databind/2.9.8/jackson-databind-2.9.8.jar:/Users/xuliang/Documents/xl-rpc-respory/com/fasterxml/jackson/core/jackson-annotations/2.9.0/jackson-annotations-2.9.0.jar:/Users/xuliang/Documents/xl-rpc-respory/com/fasterxml/jackson/core/jackson-core/2.9.8/jackson-core-2.9.8.jar:/Users/xuliang/Documents/xl-rpc-respory/com/fasterxml/jackson/datatype/jackson-datatype-jdk8/2.9.8/jackson-datatype-jdk8-2.9.8.jar:/Users/xuliang/Documents/xl-rpc-respory/com/fasterxml/jackson/datatype/jackson-datatype-jsr310/2.9.8/jackson-datatype-jsr310-2.9.8.jar:/Users/xuliang/Documents/xl-rpc-respory/com/fasterxml/jackson/module/jackson-module-parameter-names/2.9.8/jackson-module-parameter-names-2.9.8.jar:/Users/xuliang/Documents/xl-rpc-respory/org/springframework/boot/spring-boot-starter-tomcat/2.1.3.RELEASE/spring-boot-starter-tomcat-2.1.3.RELEASE.jar:/Users/xuliang/Documents/xl-rpc-respory/org/apache/tomcat/embed/tomcat-embed-core/9.0.16/tomcat-embed-core-9.0.16.jar:/Users/xuliang/Documents/xl-rpc-respory/org/apache/tomcat/embed/tomcat-embed-el/9.0.16/tomcat-embed-el-9.0.16.jar:/Users/xuliang/Documents/xl-rpc-respory/org/apache/tomcat/embed/tomcat-embed-websocket/9.0.16/tomcat-embed-websocket-9.0.16.jar:/Users/xuliang/Documents/xl-rpc-respory/org/hibernate/validator/hibernate-validator/6.0.14.Final/hibernate-validator-6.0.14.Final.jar:/Users/xuliang/Documents/xl-rpc-respory/javax/validation/validation-api/2.0.1.Final/validation-api-2.0.1.Final.jar:/Users/xuliang/Documents/xl-rpc-respory/org/jboss/logging/jboss-logging/3.3.2.Final/jboss-logging-3.3.2.Final.jar:/Users/xuliang/Documents/xl-rpc-respory/com/fasterxml/classmate/1.4.0/classmate-1.4.0.jar:/Users/xuliang/Documents/xl-rpc-respory/org/springframework/spring-web/5.1.5.RELEASE/spring-web-5.1.5.RELEASE.jar:/Users/xuliang/Documents/xl-rpc-respory/org/springframework/spring-beans/5.1.5.RELEASE/spring-beans-5.1.5.RELEASE.jar:/Users/xuliang/Documents/xl-rpc-respory/org/springframework/spring-webmvc/5.1.5.RELEASE/spring-webmvc-5.1.5.RELEASE.jar:/Users/xuliang/Documents/xl-rpc-respory/org/springframework/spring-aop/5.1.5.RELEASE/spring-aop-5.1.5.RELEASE.jar:/Users/xuliang/Documents/xl-rpc-respory/org/springframework/spring-expression/5.1.5.RELEASE/spring-expression-5.1.5.RELEASE.jar:/Users/xuliang/Documents/xl-rpc-respory/io/netty/netty-all/4.1.54.Final/netty-all-4.1.54.Final.jar:/Users/xuliang/Documents/xl-rpc-respory/ch/qos/logback/logback-classic/1.1.7/logback-classic-1.1.7.jar:/Users/xuliang/Documents/xl-rpc-respory/ch/qos/logback/logback-core/1.1.7/logback-core-1.1.7.jar:/Users/xuliang/Documents/xl-rpc-respory/org/slf4j/slf4j-api/1.7.21/slf4j-api-1.7.21.jar:/Users/xuliang/Documents/xl-rpc-respory/io/protostuff/protostuff-core/1.7.2/protostuff-core-1.7.2.jar:/Users/xuliang/Documents/xl-rpc-respory/io/protostuff/protostuff-api/1.7.2/protostuff-api-1.7.2.jar:/Users/xuliang/Documents/xl-rpc-respory/io/protostuff/protostuff-runtime/1.7.2/protostuff-runtime-1.7.2.jar:/Users/xuliang/Documents/xl-rpc-respory/io/protostuff/protostuff-collectionschema/1.7.2/protostuff-collectionschema-1.7.2.jar:/Users/xuliang/Documents/xl-rpc-respory/org/objenesis/objenesis/2.1/objenesis-2.1.jar:/Users/xuliang/Documents/xl-rpc-respory/com/google/guava/guava/21.0/guava-21.0.jar:/Users/xuliang/Documents/xl-rpc-respory/commons-lang/commons-lang/2.6/commons-lang-2.6.jar:/Users/xuliang/Documents/xl-rpc-respory/org/apache/commons/commons-lang3/3.5/commons-lang3-3.5.jar:/Users/xuliang/Documents/xl-rpc-respory/commons-codec/commons-codec/1.4/commons-codec-1.4.jar:/Users/xuliang/Documents/xl-rpc-respory/commons-fileupload/commons-fileupload/1.2.2/commons-fileupload-1.2.2.jar:/Users/xuliang/Documents/xl-rpc-respory/commons-io/commons-io/2.1/commons-io-2.1.jar:/Users/xuliang/Documents/xl-rpc-respory/commons-collections/commons-collections/3.2.1/commons-collections-3.2.1.jar:/Users/xuliang/Documents/xl-rpc-respory/commons-pool/commons-pool/1.6/commons-pool-1.6.jar:/Users/xuliang/Documents/xl-rpc-respory/org/apache/commons/commons-pool2/2.0/commons-pool2-2.0.jar:/Users/xuliang/Documents/xl-rpc-respory/org/projectlombok/lombok/1.16.18/lombok-1.16.18.jar:/Users/xuliang/Documents/xl-rpc-respory/org/json/json/20090211/json-20090211.jar:/Users/xuliang/Documents/xl-rpc-respory/net/sf/json-lib/json-lib/2.4/json-lib-2.4-jdk15.jar:/Users/xuliang/Documents/xl-rpc-respory/commons-beanutils/commons-beanutils/1.8.0/commons-beanutils-1.8.0.jar:/Users/xuliang/Documents/xl-rpc-respory/net/sf/ezmorph/ezmorph/1.0.6/ezmorph-1.0.6.jar:/Users/xuliang/Documents/xl-rpc-respory/org/codehaus/jackson/jackson-mapper-asl/1.8.5/jackson-mapper-asl-1.8.5.jar:/Users/xuliang/Documents/xl-rpc-respory/org/codehaus/jackson/jackson-core-asl/1.8.5/jackson-core-asl-1.8.5.jar:/Users/xuliang/Documents/xl-rpc-respory/com/alibaba/fastjson/1.2.34/fastjson-1.2.34.jar:/Users/xuliang/Documents/xl-rpc-respory/org/xerial/snappy/snappy-java/1.1.8.1/snappy-java-1.1.8.1.jar:/Users/xuliang/Documents/xl-rpc-respory/com/github/adyliu/zkclient/2.0/zkclient-2.0.jar:/Users/xuliang/Documents/xl-rpc-respory/org/apache/zookeeper/zookeeper/3.4.5/zookeeper-3.4.5.jar:/Users/xuliang/Documents/xl-rpc-respory/org/slf4j/slf4j-log4j12/1.7.25/slf4j-log4j12-1.7.25.jar:/Users/xuliang/Documents/xl-rpc-respory/log4j/log4j/1.2.16/log4j-1.2.16.jar:/Applications/IntelliJ IDEA.app/Contents/lib/idea_rt.jar:/Users/xuliang/Library/Caches/JetBrains/IntelliJIdea2020.1/captureAgent/debugger-agent.jar
2021-05-22 14:33:32.644 [Thread-5] INFO  ZooKeeper - Client environment:java.library.path=/Users/xuliang/Library/Java/Extensions:/Library/Java/Extensions:/Network/Library/Java/Extensions:/System/Library/Java/Extensions:/usr/lib/java:.
2021-05-22 14:33:32.644 [Thread-5] INFO  ZooKeeper - Client environment:java.io.tmpdir=/var/folders/r0/_357tnqs73v66q9b2nqddsbc0000gn/T/
2021-05-22 14:33:32.644 [Thread-5] INFO  ZooKeeper - Client environment:java.compiler=<NA>
2021-05-22 14:33:32.644 [Thread-5] INFO  ZooKeeper - Client environment:os.name=Mac OS X
2021-05-22 14:33:32.644 [Thread-5] INFO  ZooKeeper - Client environment:os.arch=x86_64
2021-05-22 14:33:32.644 [Thread-5] INFO  ZooKeeper - Client environment:os.version=10.13.6
2021-05-22 14:33:32.644 [Thread-5] INFO  ZooKeeper - Client environment:user.name=xuliang
2021-05-22 14:33:32.644 [Thread-5] INFO  ZooKeeper - Client environment:user.home=/Users/xuliang
2021-05-22 14:33:32.644 [Thread-5] INFO  ZooKeeper - Client environment:user.dir=/Users/xuliang/Documents/xl-rpc/xl-rpc
2021-05-22 14:33:32.645 [Thread-5] INFO  ZooKeeper - Initiating client connection, connectString=127.0.0.1:2181 sessionTimeout=60000 watcher=com.github.zkclient.ZkClient@766f9491
2021-05-22 14:33:32.651 [Thread-5-SendThread(localhost:2181)] INFO  ClientCnxn - Opening socket connection to server localhost/127.0.0.1:2181. Will not attempt to authenticate using SASL (unknown error)
2021-05-22 14:33:32.656 [Thread-5-SendThread(localhost:2181)] INFO  ClientCnxn - Socket connection established to localhost/127.0.0.1:2181, initiating session
2021-05-22 14:33:32.663 [Thread-5-SendThread(localhost:2181)] INFO  ClientCnxn - Session establishment complete on server localhost/127.0.0.1:2181, sessionid = 0x10010eb60670007, negotiated timeout = 40000
2021-05-22 14:33:32.664 [Thread-5] INFO  ZkHelp - environmentFlag=/xlrpc/dev
2021-05-22 14:33:32.764 [Thread-5] INFO  ZkHelp - >>>>> start register /xlrpc/192.168.10.174 in cluster <<<<<
2021-05-22 14:33:32.776 [Thread-5] INFO  ZkHelp - Servers:[192.168.10.174]
2021-05-22 14:33:32.776 [Thread-5] INFO  ZkHelp - >>>>> register server {"actions":["com.qrpc.api.OrderServer-orderServer-1.0","com.qrpc.api.ApiServer-apiServer-1.0","com.qrpc.api.UserServer-userServer-1.0"],"coreThread":24,"ip":"127.0.0.1","port":8780,"queue":false,"retrySize":3,"rpcPoolSize":3,"rpcServerIndex":0,"ssl":false,"time":1621665212449,"ver":0,"weight":1} ok <<<<<
2021-05-22 14:34:32.457 [pool-1-thread-1] INFO  ServiceListener - @@@@@@ ServiceName :com.qrpc.api.OrderServer-orderServer-1.0 ServiceQps :50.0 Service RateLimit:50.0
2021-05-22 14:34:32.463 [pool-1-thread-1] INFO  ServiceListener - @@@@@@ ServiceName :com.qrpc.api.ApiServer-apiServer-1.0 ServiceQps :50.0 Service RateLimit:50.0
2021-05-22 14:34:32.463 [pool-1-thread-1] INFO  ServiceListener - @@@@@@ ServiceName :com.qrpc.api.UserServer-userServer-1.0 ServiceQps :50.0 Service RateLimit:50.0
2021-05-22 14:35:32.452 [pool-1-thread-1] INFO  ServiceListener - @@@@@@ ServiceName :com.qrpc.api.OrderServer-orderServer-1.0 ServiceQps :50.0 Service RateLimit:50.0
2021-05-22 14:35:32.452 [pool-1-thread-1] INFO  ServiceListener - @@@@@@ ServiceName :com.qrpc.api.ApiServer-apiServer-1.0 ServiceQps :50.0 Service RateLimit:50.0
2021-05-22 14:35:32.453 [pool-1-thread-1] INFO  ServiceListener - @@@@@@ ServiceName :com.qrpc.api.UserServer-userServer-1.0 ServiceQps :50.0 Service RateLimit:50.0
2021-05-22 14:36:32.453 [pool-1-thread-1] INFO  ServiceListener - @@@@@@ ServiceName :com.qrpc.api.OrderServer-orderServer-1.0 ServiceQps :50.0 Service RateLimit:50.0
2021-05-22 14:36:32.454 [pool-1-thread-1] INFO  ServiceListener - @@@@@@ ServiceName :com.qrpc.api.ApiServer-apiServer-1.0 ServiceQps :50.0 Service RateLimit:50.0
2021-05-22 14:36:32.454 [pool-1-thread-1] INFO  ServiceListener - @@@@@@ ServiceName :com.qrpc.api.UserServer-userServer-1.0 ServiceQps :50.0 Service RateLimit:50.0
2021-05-22 14:36:47.160 [nioEventLoopGroup-3-1] INFO  ReciveDataHandler - @@@@@@ channel is active！！！
2021-05-22 14:36:47.160 [nioEventLoopGroup-3-2] INFO  ReciveDataHandler - @@@@@@ channel is active！！！
2021-05-22 14:36:47.160 [nioEventLoopGroup-3-3] INFO  ReciveDataHandler - @@@@@@ channel is active！！！
2021-05-22 14:37:32.453 [pool-1-thread-1] INFO  ServiceListener - @@@@@@ ServiceName :com.qrpc.api.OrderServer-orderServer-1.0 ServiceQps :50.0 Service RateLimit:50.0
2021-05-22 14:37:32.453 [pool-1-thread-1] INFO  ServiceListener - @@@@@@ ServiceName :com.qrpc.api.ApiServer-apiServer-1.0 ServiceQps :50.0 Service RateLimit:50.0
2021-05-22 14:37:32.454 [pool-1-thread-1] INFO  ServiceListener - @@@@@@ ServiceName :com.qrpc.api.UserServer-userServer-1.0 ServiceQps :50.0 Service RateLimit:50.0
2021-05-22 14:38:32.455 [pool-1-thread-1] INFO  ServiceListener - @@@@@@ ServiceName :com.qrpc.api.OrderServer-orderServer-1.0 ServiceQps :50.0 Service RateLimit:50.0
2021-05-22 14:38:32.455 [pool-1-thread-1] INFO  ServiceListener - @@@@@@ ServiceName :com.qrpc.api.ApiServer-apiServer-1.0 ServiceQps :50.0 Service RateLimit:50.0
2021-05-22 14:38:32.455 [pool-1-thread-1] INFO  ServiceListener - @@@@@@ ServiceName :com.qrpc.api.UserServer-userServer-1.0 ServiceQps :50.0 Service RateLimit:50.0
2021-05-22 14:38:32.817 [pool-3-thread-1] INFO  RpcServiceStarter - Server Invoke Recive Client reqId: 845671983692644352 | serviceBeanName: com.qrpc.api.ApiServer-apiServer-1.0 | ReqParams: [Welcome Use XL-RPC Framework !!!]
2021-05-22 14:38:32.826 [pool-3-thread-1] INFO  RpcServiceStarter - reqId: 845671983692644352 | Cost Time: 25ms serviceBeanName: com.qrpc.api.ApiServer-apiServer-1.0 Invoke Rpc Server Response:【Welcome Use XL-RPC Framework !!!】 | ReqParams: [Welcome Use XL-RPC Framework !!!]
2021-05-22 14:38:32.845 [pool-2-thread-1] INFO  RpcServiceStarter - Server Invoke Recive Client reqId: 845671984133046272 | serviceBeanName: com.qrpc.api.ApiServer-apiServer-1.0 | ReqParams: [++req]
2021-05-22 14:38:32.845 [pool-2-thread-1] INFO  RpcServiceStarter - reqId: 845671984133046272 | Cost Time: 0ms serviceBeanName: com.qrpc.api.ApiServer-apiServer-1.0 Invoke Rpc Server Response:【++req】 | ReqParams: [++req]
2021-05-22 14:39:32.455 [pool-1-thread-1] INFO  ServiceListener - @@@@@@ ServiceName :com.qrpc.api.OrderServer-orderServer-1.0 ServiceQps :50.0 Service RateLimit:50.0
2021-05-22 14:39:32.456 [pool-1-thread-1] INFO  ServiceListener - @@@@@@ ServiceName :com.qrpc.api.ApiServer-apiServer-1.0 ServiceQps :50.0 Service RateLimit:50.0
2021-05-22 14:39:32.456 [pool-1-thread-1] INFO  ServiceListener - @@@@@@ ServiceName :com.qrpc.api.UserServer-userServer-1.0 ServiceQps :50.0 Service RateLimit:50.0
2021-05-22 14:39:52.945 [Thread-7] INFO  ThreadPoolTaskExecutor - Shutting down ExecutorService 'applicationTaskExecutor'
